#
# There is insufficient memory for the Java Runtime Environment to continue.
# Native memory allocation (mmap) failed to map 1925185536 bytes. Error detail: G1 virtual space
# Possible reasons:
#   The system is out of physical RAM or swap space
#   This process is running with CompressedOops enabled, and the Java Heap may be blocking the growth of the native heap
# Possible solutions:
#   Reduce memory load on the system
#   Increase physical memory or swap space
#   Check if swap backing store is full
#   Decrease Java heap size (-Xmx/-Xms)
#   Decrease number of Java threads
#   Decrease Java thread stack sizes (-Xss)
#   Set larger code cache with -XX:ReservedCodeCacheSize=
#   JVM is running with Zero Based Compressed Oops mode in which the Java heap is
#     placed in the first 32GB address space. The Java Heap base address is the
#     maximum limit for the native heap growth. Please use -XX:HeapBaseMinAddress
#     to set the Java Heap base and to place the Java Heap above 32GB virtual address.
# This output file may be truncated or incomplete.
#
#  Out of Memory Error (os_windows.cpp:3618), pid=32896, tid=31820
#
# JRE version: OpenJDK Runtime Environment Temurin-17.0.16+8 (17.0.16+8) (build 17.0.16+8)
# Java VM: OpenJDK 64-Bit Server VM Temurin-17.0.16+8 (17.0.16+8, mixed mode, sharing, tiered, compressed oops, compressed class ptrs, g1 gc, windows-amd64)
# No core dump will be written. Minidumps are not enabled by default on client versions of Windows
#

---------------  S U M M A R Y ------------

Command Line: --add-opens=java.base/java.util=ALL-UNNAMED --add-opens=java.base/java.lang=ALL-UNNAMED --add-opens=java.base/java.lang.invoke=ALL-UNNAMED --add-opens=java.prefs/java.util.prefs=ALL-UNNAMED --add-opens=java.base/java.nio.charset=ALL-UNNAMED --add-opens=java.base/java.net=ALL-UNNAMED --add-opens=java.base/java.util.concurrent.atomic=ALL-UNNAMED -Xmx6G -Dfile.encoding=UTF-8 -Duser.country=US -Duser.language=en -Duser.variant -javaagent:C:\Users\frank\.gradle\wrapper\dists\gradle-8.1.1-bin\9wiye5v2saajue4irfo8ybqfp\gradle-8.1.1\lib\agents\gradle-instrumentation-agent-8.1.1.jar org.gradle.launcher.daemon.bootstrap.GradleDaemon 8.1.1

Host: Intel(R) Core(TM) i5-9600K CPU @ 3.70GHz, 6 cores, 31G,  Windows 10 , 64 bit Build 19041 (10.0.19041.5915)
Time: Wed Oct  8 00:25:26 2025 Central Daylight Time elapsed time: 231.004877 seconds (0d 0h 3m 51s)

---------------  T H R E A D  ---------------

Current thread (0x0000022a716d6f30):  VMThread "VM Thread" [stack: 0x0000007e20600000,0x0000007e20700000] [id=31820]

Stack: [0x0000007e20600000,0x0000007e20700000]
Native frames: (J=compiled Java code, j=interpreted, Vv=VM code, C=native code)
V  [jvm.dll+0x683169]
V  [jvm.dll+0x839ac8]
V  [jvm.dll+0x83b573]
V  [jvm.dll+0x83bbe3]
V  [jvm.dll+0x2473ff]
V  [jvm.dll+0x67ff49]
V  [jvm.dll+0x674e3a]
V  [jvm.dll+0x304ea6]
V  [jvm.dll+0x30c366]
V  [jvm.dll+0x35deee]
V  [jvm.dll+0x35e12d]
V  [jvm.dll+0x2dc26c]
V  [jvm.dll+0x2da60f]
V  [jvm.dll+0x2d9d7c]
V  [jvm.dll+0x31d921]
V  [jvm.dll+0x84041d]
V  [jvm.dll+0x841153]
V  [jvm.dll+0x84167f]
V  [jvm.dll+0x841a64]
V  [jvm.dll+0x841b2e]
V  [jvm.dll+0x7e979c]
V  [jvm.dll+0x682047]
C  [ucrtbase.dll+0x21bb2]
C  [KERNEL32.DLL+0x17374]
C  [ntdll.dll+0x4cc91]

VM_Operation (0x0000007e21ff63c0): G1TryInitiateConcMark, mode: safepoint, requested by thread 0x0000022a76b20cd0


---------------  P R O C E S S  ---------------

Threads class SMR info:
_java_thread_list=0x0000022a719c8840, length=88, elements={
0x0000022a49e1ea80, 0x0000022a716e06d0, 0x0000022a716e1460, 0x0000022a717f6340,
0x0000022a717f7c20, 0x0000022a717f84f0, 0x0000022a71800de0, 0x0000022a71806920,
0x0000022a71802890, 0x0000022a71809a50, 0x0000022a716c8550, 0x0000022a719c5a10,
0x0000022a775bd290, 0x0000022a77b54970, 0x0000022a771ea3b0, 0x0000022a77c9c920,
0x0000022a775ee1e0, 0x0000022a76b211e0, 0x0000022a76b20cd0, 0x0000022a76b216f0,
0x0000022a76b1f890, 0x0000022a76b22110, 0x0000022a76b1fda0, 0x0000022a76b21c00,
0x0000022a76b1f380, 0x0000022a793fb790, 0x0000022a793f8f10, 0x0000022a793fe010,
0x0000022a793ffe70, 0x0000022a79400890, 0x0000022a793fc6c0, 0x0000022a793fbca0,
0x0000022a793fdb00, 0x0000022a793fd5f0, 0x0000022a79400380, 0x0000022a793fcbd0,
0x0000022a793f9420, 0x0000022a793fd0e0, 0x0000022a793fe520, 0x0000022a778bc7e0,
0x0000022a778bccf0, 0x0000022a778bc2d0, 0x0000022a778bdc20, 0x0000022a778bd200,
0x0000022a778b7bf0, 0x0000022a778beb50, 0x0000022a778b8b20, 0x0000022a778b9540,
0x0000022a778bae90, 0x0000022a778ba470, 0x0000022a778bb3a0, 0x0000022a778b8610,
0x0000022a778b76e0, 0x0000022a778bd710, 0x0000022a778bb8b0, 0x0000022a778be130,
0x0000022a778be640, 0x0000022a778b8100, 0x0000022a778b9030, 0x0000022a76b22b30,
0x0000022a793fa860, 0x0000022a78df38a0, 0x0000022a78df1a40, 0x0000022a78df1020,
0x0000022a78df2970, 0x0000022a78df5c10, 0x0000022a78df6120, 0x0000022a78df7f80,
0x0000022a78df51f0, 0x0000022a7a2e40c0, 0x0000022a7a2e45d0, 0x0000022a7a2e4ae0,
0x0000022a7a2e2c80, 0x0000022a7a2e1840, 0x0000022a7a2e5a10, 0x0000022a7a2e5f20,
0x0000022a7a2e2260, 0x0000022a7a2e0910, 0x0000022a7a2e6e50, 0x0000022a7a2e6430,
0x0000022a7a2e1330, 0x0000022a7a2e7360, 0x0000022a7a2dfef0, 0x0000022a7a2e7870,
0x0000022a7a2e0400, 0x0000022a7a2e2770, 0x0000022a78df7a70, 0x0000022a78df5700
}

Java Threads: ( => current thread )
  0x0000022a49e1ea80 JavaThread "main" [_thread_blocked, id=33720, stack(0x0000007e20000000,0x0000007e20100000)]
  0x0000022a716e06d0 JavaThread "Reference Handler" daemon [_thread_blocked, id=21276, stack(0x0000007e20700000,0x0000007e20800000)]
  0x0000022a716e1460 JavaThread "Finalizer" daemon [_thread_blocked, id=19440, stack(0x0000007e20800000,0x0000007e20900000)]
  0x0000022a717f6340 JavaThread "Signal Dispatcher" daemon [_thread_blocked, id=26752, stack(0x0000007e20900000,0x0000007e20a00000)]
  0x0000022a717f7c20 JavaThread "Attach Listener" daemon [_thread_blocked, id=6904, stack(0x0000007e20a00000,0x0000007e20b00000)]
  0x0000022a717f84f0 JavaThread "Service Thread" daemon [_thread_blocked, id=28636, stack(0x0000007e20b00000,0x0000007e20c00000)]
  0x0000022a71800de0 JavaThread "Monitor Deflation Thread" daemon [_thread_blocked, id=30616, stack(0x0000007e20c00000,0x0000007e20d00000)]
  0x0000022a71806920 JavaThread "C2 CompilerThread0" daemon [_thread_blocked, id=7932, stack(0x0000007e20d00000,0x0000007e20e00000)]
  0x0000022a71802890 JavaThread "C1 CompilerThread0" daemon [_thread_blocked, id=23180, stack(0x0000007e20e00000,0x0000007e20f00000)]
  0x0000022a71809a50 JavaThread "Sweeper thread" daemon [_thread_blocked, id=33196, stack(0x0000007e20f00000,0x0000007e21000000)]
  0x0000022a716c8550 JavaThread "Common-Cleaner" daemon [_thread_blocked, id=29844, stack(0x0000007e21000000,0x0000007e21100000)]
  0x0000022a719c5a10 JavaThread "Notification Thread" daemon [_thread_blocked, id=29472, stack(0x0000007e21100000,0x0000007e21200000)]
  0x0000022a775bd290 JavaThread "Daemon health stats" [_thread_blocked, id=13716, stack(0x0000007e21900000,0x0000007e21a00000)]
  0x0000022a77b54970 JavaThread "Incoming local TCP Connector on port 60108" [_thread_in_native, id=28356, stack(0x0000007e21a00000,0x0000007e21b00000)]
  0x0000022a771ea3b0 JavaThread "Daemon periodic checks" [_thread_blocked, id=30428, stack(0x0000007e21b00000,0x0000007e21c00000)]
  0x0000022a77c9c920 JavaThread "Daemon" [_thread_blocked, id=33668, stack(0x0000007e21c00000,0x0000007e21d00000)]
  0x0000022a775ee1e0 JavaThread "Handler for socket connection from /127.0.0.1:60108 to /127.0.0.1:60109" [_thread_in_native, id=21644, stack(0x0000007e21d00000,0x0000007e21e00000)]
  0x0000022a76b211e0 JavaThread "Cancel handler" [_thread_blocked, id=33276, stack(0x0000007e21e00000,0x0000007e21f00000)]
  0x0000022a76b20cd0 JavaThread "Daemon worker" [_thread_blocked, id=23092, stack(0x0000007e21f00000,0x0000007e22000000)]
  0x0000022a76b216f0 JavaThread "Asynchronous log dispatcher for DefaultDaemonConnection: socket connection from /127.0.0.1:60108 to /127.0.0.1:60109" [_thread_blocked, id=24540, stack(0x0000007e22000000,0x0000007e22100000)]
  0x0000022a76b1f890 JavaThread "Stdin handler" [_thread_blocked, id=26276, stack(0x0000007e22100000,0x0000007e22200000)]
  0x0000022a76b22110 JavaThread "Daemon client event forwarder" [_thread_blocked, id=4544, stack(0x0000007e22200000,0x0000007e22300000)]
  0x0000022a76b1fda0 JavaThread "Cache worker for journal cache (C:\Users\frank\.gradle\caches\journal-1)" [_thread_blocked, id=30216, stack(0x0000007e22300000,0x0000007e22400000)]
  0x0000022a76b21c00 JavaThread "File lock request listener" [_thread_in_native, id=33572, stack(0x0000007e22400000,0x0000007e22500000)]
  0x0000022a76b1f380 JavaThread "Cache worker for file hash cache (C:\Users\frank\.gradle\caches\8.1.1\fileHashes)" [_thread_blocked, id=18896, stack(0x0000007e22500000,0x0000007e22600000)]
  0x0000022a793fb790 JavaThread "File watcher server" daemon [_thread_in_native, id=29264, stack(0x0000007e22600000,0x0000007e22700000)]
  0x0000022a793f8f10 JavaThread "File watcher consumer" daemon [_thread_blocked, id=11708, stack(0x0000007e22700000,0x0000007e22800000)]
  0x0000022a793fe010 JavaThread "jar transforms" [_thread_blocked, id=31296, stack(0x0000007e21300000,0x0000007e21400000)]
  0x0000022a793ffe70 JavaThread "jar transforms Thread 2" [_thread_blocked, id=26648, stack(0x0000007e22800000,0x0000007e22900000)]
  0x0000022a79400890 JavaThread "jar transforms Thread 3" [_thread_blocked, id=10400, stack(0x0000007e22900000,0x0000007e22a00000)]
  0x0000022a793fc6c0 JavaThread "jar transforms Thread 4" [_thread_blocked, id=20124, stack(0x0000007e22a00000,0x0000007e22b00000)]
  0x0000022a793fbca0 JavaThread "jar transforms Thread 5" [_thread_blocked, id=27728, stack(0x0000007e22b00000,0x0000007e22c00000)]
  0x0000022a793fdb00 JavaThread "jar transforms Thread 6" [_thread_blocked, id=25568, stack(0x0000007e22c00000,0x0000007e22d00000)]
  0x0000022a793fd5f0 JavaThread "Cache worker for checksums cache (C:\Users\frank\Downloads\1.20.1-Java-Forge-1.20.1-main\.gradle\8.1.1\checksums)" [_thread_blocked, id=31368, stack(0x0000007e22f00000,0x0000007e23000000)]
  0x0000022a79400380 JavaThread "Cache worker for cache directory md-rule (C:\Users\frank\.gradle\caches\8.1.1\md-rule)" [_thread_blocked, id=17492, stack(0x0000007e23000000,0x0000007e23100000)]
  0x0000022a793fcbd0 JavaThread "Cache worker for file content cache (C:\Users\frank\.gradle\caches\8.1.1\fileContent)" [_thread_blocked, id=7116, stack(0x0000007e23100000,0x0000007e23200000)]
  0x0000022a793f9420 JavaThread "Cache worker for file hash cache (C:\Users\frank\Downloads\1.20.1-Java-Forge-1.20.1-main\.gradle\8.1.1\fileHashes)" [_thread_blocked, id=20296, stack(0x0000007e23200000,0x0000007e23300000)]
  0x0000022a793fd0e0 JavaThread "Cache worker for cache directory md-supplier (C:\Users\frank\.gradle\caches\8.1.1\md-supplier)" [_thread_blocked, id=15684, stack(0x0000007e23300000,0x0000007e23400000)]
  0x0000022a793fe520 JavaThread "Cache worker for execution history cache (C:\Users\frank\.gradle\caches\8.1.1\executionHistory)" [_thread_blocked, id=32276, stack(0x0000007e23400000,0x0000007e23500000)]
  0x0000022a778bc7e0 JavaThread "Unconstrained build operations" [_thread_blocked, id=32252, stack(0x0000007e22d00000,0x0000007e22e00000)]
  0x0000022a778bccf0 JavaThread "Unconstrained build operations Thread 2" [_thread_blocked, id=14072, stack(0x0000007e23a00000,0x0000007e23b00000)]
  0x0000022a778bc2d0 JavaThread "File lock release action executor" [_thread_blocked, id=27456, stack(0x0000007e23c00000,0x0000007e23d00000)]
  0x0000022a778bdc20 JavaThread "Cache worker for dependencies-accessors (C:\Users\frank\Downloads\1.20.1-Java-Forge-1.20.1-main\.gradle\8.1.1\dependencies-accessors)" [_thread_blocked, id=34628, stack(0x0000007e23d00000,0x0000007e23e00000)]
  0x0000022a778bd200 JavaThread "Cache worker for Build Output Cleanup Cache (C:\Users\frank\Downloads\1.20.1-Java-Forge-1.20.1-main\.gradle\buildOutputCleanup)" [_thread_blocked, id=4920, stack(0x0000007e23b00000,0x0000007e23c00000)]
  0x0000022a778b7bf0 JavaThread "Unconstrained build operations Thread 3" [_thread_blocked, id=34000, stack(0x0000007e24000000,0x0000007e24100000)]
  0x0000022a778beb50 JavaThread "Unconstrained build operations Thread 4" [_thread_blocked, id=8320, stack(0x0000007e24100000,0x0000007e24200000)]
  0x0000022a778b8b20 JavaThread "Unconstrained build operations Thread 5" [_thread_blocked, id=31220, stack(0x0000007e24200000,0x0000007e24300000)]
  0x0000022a778b9540 JavaThread "Unconstrained build operations Thread 6" [_thread_blocked, id=33200, stack(0x0000007e24300000,0x0000007e24400000)]
  0x0000022a778bae90 JavaThread "Unconstrained build operations Thread 7" [_thread_blocked, id=10564, stack(0x0000007e24400000,0x0000007e24500000)]
  0x0000022a778ba470 JavaThread "Unconstrained build operations Thread 8" [_thread_blocked, id=28596, stack(0x0000007e24500000,0x0000007e24600000)]
  0x0000022a778bb3a0 JavaThread "Unconstrained build operations Thread 9" [_thread_blocked, id=23252, stack(0x0000007e24600000,0x0000007e24700000)]
  0x0000022a778b8610 JavaThread "Unconstrained build operations Thread 10" [_thread_blocked, id=25844, stack(0x0000007e24700000,0x0000007e24800000)]
  0x0000022a778b76e0 JavaThread "Unconstrained build operations Thread 11" [_thread_blocked, id=8392, stack(0x0000007e24800000,0x0000007e24900000)]
  0x0000022a778bd710 JavaThread "Unconstrained build operations Thread 12" [_thread_blocked, id=28784, stack(0x0000007e24900000,0x0000007e24a00000)]
  0x0000022a778bb8b0 JavaThread "Unconstrained build operations Thread 13" [_thread_blocked, id=29296, stack(0x0000007e24a00000,0x0000007e24b00000)]
  0x0000022a778be130 JavaThread "Unconstrained build operations Thread 14" [_thread_blocked, id=11080, stack(0x0000007e24b00000,0x0000007e24c00000)]
  0x0000022a778be640 JavaThread "Unconstrained build operations Thread 15" [_thread_blocked, id=10396, stack(0x0000007e24c00000,0x0000007e24d00000)]
  0x0000022a778b8100 JavaThread "Unconstrained build operations Thread 16" [_thread_blocked, id=31144, stack(0x0000007e24d00000,0x0000007e24e00000)]
  0x0000022a778b9030 JavaThread "Unconstrained build operations Thread 17" [_thread_blocked, id=34052, stack(0x0000007e24e00000,0x0000007e24f00000)]
  0x0000022a76b22b30 JavaThread "Unconstrained build operations Thread 18" [_thread_blocked, id=9320, stack(0x0000007e24f00000,0x0000007e25000000)]
  0x0000022a793fa860 JavaThread "Unconstrained build operations Thread 19" [_thread_blocked, id=22224, stack(0x0000007e25000000,0x0000007e25100000)]
  0x0000022a78df38a0 JavaThread "Unconstrained build operations Thread 20" [_thread_blocked, id=34064, stack(0x0000007e25100000,0x0000007e25200000)]
  0x0000022a78df1a40 JavaThread "Unconstrained build operations Thread 21" [_thread_blocked, id=8980, stack(0x0000007e25200000,0x0000007e25300000)]
  0x0000022a78df1020 JavaThread "Unconstrained build operations Thread 22" [_thread_blocked, id=34020, stack(0x0000007e25300000,0x0000007e25400000)]
  0x0000022a78df2970 JavaThread "build event listener" [_thread_blocked, id=3348, stack(0x0000007e1fe00000,0x0000007e1ff00000)]
  0x0000022a78df5c10 JavaThread "Memory manager" [_thread_blocked, id=30640, stack(0x0000007e1ff00000,0x0000007e20000000)]
  0x0000022a78df6120 JavaThread "ForkJoinPool.commonPool-worker-1" daemon [_thread_blocked, id=29308, stack(0x0000007e25500000,0x0000007e25600000)]
  0x0000022a78df7f80 JavaThread "ForkJoinPool.commonPool-worker-3" daemon [_thread_blocked, id=31968, stack(0x0000007e25700000,0x0000007e25800000)]
  0x0000022a78df51f0 JavaThread "ForkJoinPool.commonPool-worker-5" daemon [_thread_blocked, id=24172, stack(0x0000007e25900000,0x0000007e25a00000)]
  0x0000022a7a2e40c0 JavaThread "Unconstrained build operations Thread 23" [_thread_blocked, id=25984, stack(0x0000007e25400000,0x0000007e25500000)]
  0x0000022a7a2e45d0 JavaThread "Unconstrained build operations Thread 24" [_thread_blocked, id=15628, stack(0x0000007e25d00000,0x0000007e25e00000)]
  0x0000022a7a2e4ae0 JavaThread "Unconstrained build operations Thread 25" [_thread_blocked, id=9548, stack(0x0000007e25e00000,0x0000007e25f00000)]
  0x0000022a7a2e2c80 JavaThread "Unconstrained build operations Thread 26" [_thread_blocked, id=18208, stack(0x0000007e25f00000,0x0000007e26000000)]
  0x0000022a7a2e1840 JavaThread "Unconstrained build operations Thread 27" [_thread_blocked, id=10440, stack(0x0000007e26000000,0x0000007e26100000)]
  0x0000022a7a2e5a10 JavaThread "Unconstrained build operations Thread 28" [_thread_blocked, id=20872, stack(0x0000007e1fd00000,0x0000007e1fe00000)]
  0x0000022a7a2e5f20 JavaThread "Unconstrained build operations Thread 29" [_thread_blocked, id=2968, stack(0x0000007e23e00000,0x0000007e23f00000)]
  0x0000022a7a2e2260 JavaThread "Unconstrained build operations Thread 30" [_thread_blocked, id=13292, stack(0x0000007e23f00000,0x0000007e24000000)]
  0x0000022a7a2e0910 JavaThread "Unconstrained build operations Thread 31" [_thread_blocked, id=11836, stack(0x0000007e25600000,0x0000007e25700000)]
  0x0000022a7a2e6e50 JavaThread "Unconstrained build operations Thread 32" [_thread_blocked, id=20356, stack(0x0000007e25800000,0x0000007e25900000)]
  0x0000022a7a2e6430 JavaThread "Unconstrained build operations Thread 33" [_thread_blocked, id=33968, stack(0x0000007e25b00000,0x0000007e25c00000)]
  0x0000022a7a2e1330 JavaThread "included builds" [_thread_blocked, id=17700, stack(0x0000007e26300000,0x0000007e26400000)]
  0x0000022a7a2e7360 JavaThread "Execution worker" [_thread_blocked, id=19292, stack(0x0000007e26400000,0x0000007e26500000)]
  0x0000022a7a2dfef0 JavaThread "Execution worker Thread 2" [_thread_blocked, id=33280, stack(0x0000007e26500000,0x0000007e26600000)]
  0x0000022a7a2e7870 JavaThread "Execution worker Thread 3" [_thread_blocked, id=23908, stack(0x0000007e26600000,0x0000007e26700000)]
  0x0000022a7a2e0400 JavaThread "Execution worker Thread 4" [_thread_blocked, id=31372, stack(0x0000007e26700000,0x0000007e26800000)]
  0x0000022a7a2e2770 JavaThread "Execution worker Thread 5" [_thread_blocked, id=9932, stack(0x0000007e26800000,0x0000007e26900000)]
  0x0000022a78df7a70 JavaThread "Cache worker for execution history cache (C:\Users\frank\Downloads\1.20.1-Java-Forge-1.20.1-main\.gradle\8.1.1\executionHistory)" [_thread_blocked, id=30596, stack(0x0000007e26900000,0x0000007e26a00000)]
  0x0000022a78df5700 JavaThread "idea-tooling-model-converter" [_thread_blocked, id=8828, stack(0x0000007e26a00000,0x0000007e26b00000)]

Other Threads:
=>0x0000022a716d6f30 VMThread "VM Thread" [stack: 0x0000007e20600000,0x0000007e20700000] [id=31820]
  0x0000022a71988e00 WatcherThread [stack: 0x0000007e21200000,0x0000007e21300000] [id=5780]
  0x0000022a49ea79b0 GCTaskThread "GC Thread#0" [stack: 0x0000007e20100000,0x0000007e20200000] [id=29116]
  0x0000022a76cf8dd0 GCTaskThread "GC Thread#1" [stack: 0x0000007e21400000,0x0000007e21500000] [id=19120]
  0x0000022a76cf9090 GCTaskThread "GC Thread#2" [stack: 0x0000007e21500000,0x0000007e21600000] [id=29944]
  0x0000022a76cf9350 GCTaskThread "GC Thread#3" [stack: 0x0000007e21600000,0x0000007e21700000] [id=1860]
  0x0000022a769edad0 GCTaskThread "GC Thread#4" [stack: 0x0000007e21700000,0x0000007e21800000] [id=11008]
  0x0000022a769ee530 GCTaskThread "GC Thread#5" [stack: 0x0000007e21800000,0x0000007e21900000] [id=34560]
  0x0000022a49eb4810 ConcurrentGCThread "G1 Main Marker" [stack: 0x0000007e20200000,0x0000007e20300000] [id=21832]
  0x0000022a49eb58e0 ConcurrentGCThread "G1 Conc#0" [stack: 0x0000007e20300000,0x0000007e20400000] [id=9676]
  0x0000022a78ca7140 ConcurrentGCThread "G1 Conc#1" [stack: 0x0000007e22e00000,0x0000007e22f00000] [id=10428]
  0x0000022a49edebb0 ConcurrentGCThread "G1 Refine#0" [stack: 0x0000007e20400000,0x0000007e20500000] [id=27476]
  0x0000022a786e53e0 ConcurrentGCThread "G1 Refine#1" [stack: 0x0000007e23500000,0x0000007e23600000] [id=33756]
  0x0000022a786e56d0 ConcurrentGCThread "G1 Refine#2" [stack: 0x0000007e23600000,0x0000007e23700000] [id=16404]
  0x0000022a797eec40 ConcurrentGCThread "G1 Refine#3" [stack: 0x0000007e23700000,0x0000007e23800000] [id=25364]
  0x0000022a797f00d0 ConcurrentGCThread "G1 Refine#4" [stack: 0x0000007e23800000,0x0000007e23900000] [id=33960]
  0x0000022a78a1d470 ConcurrentGCThread "G1 Refine#5" [stack: 0x0000007e25c00000,0x0000007e25d00000] [id=10412]
  0x0000022a71598710 ConcurrentGCThread "G1 Service" [stack: 0x0000007e20500000,0x0000007e20600000] [id=27352]

Threads with active compile tasks:

VM state: at safepoint (normal execution)

VM Mutex/Monitor currently owned by a thread:  ([mutex/lock_event])
[0x0000022a49e1a910] Threads_lock - owner thread: 0x0000022a716d6f30
[0x0000022a49e1a490] Heap_lock - owner thread: 0x0000022a76b20cd0

Heap address: 0x0000000680000000, size: 6144 MB, Compressed Oops mode: Zero based, Oop shift amount: 3

CDS archive(s) mapped at: [0x0000022a00000000-0x0000022a00bb0000-0x0000022a00bb0000), size 12255232, SharedBaseAddress: 0x0000022a00000000, ArchiveRelocationMode: 1.
Compressed class space mapped at: 0x0000022a01000000-0x0000022a41000000, reserved size: 1073741824
Narrow klass base: 0x0000022a00000000, Narrow klass shift: 0, Narrow klass range: 0x100000000

GC Precious Log:
 CPUs: 6 total, 6 available
 Memory: 32688M
 Large Page Support: Disabled
 NUMA Support: Disabled
 Compressed Oops: Enabled (Zero based)
 Heap Region Size: 4M
 Heap Min Capacity: 8M
 Heap Initial Capacity: 512M
 Heap Max Capacity: 6G
 Pre-touch: Disabled
 Parallel Workers: 6
 Concurrent Workers: 2
 Concurrent Refinement Workers: 6
 Periodic GC: Disabled

Heap:
 garbage-first heap   total 1064960K, used 547321K [0x0000000680000000, 0x0000000800000000)
  region size 4096K, 7 young (28672K), 7 survivors (28672K)
 Metaspace       used 95760K, committed 96640K, reserved 1179648K
  class space    used 12867K, committed 13248K, reserved 1048576K

Heap Regions: E=young(eden), S=young(survivor), O=old, HS=humongous(starts), HC=humongous(continues), CS=collection set, F=free, OA=open archive, CA=closed archive, TAMS=top-at-mark-start (previous, next)
|   0|0x0000000680000000, 0x0000000680400000, 0x0000000680400000|100%|HS|  |TAMS 0x0000000680400000, 0x0000000680400000| Complete 
|   1|0x0000000680400000, 0x0000000680800000, 0x0000000680800000|100%| O|  |TAMS 0x0000000680800000, 0x0000000680800000| Untracked 
|   2|0x0000000680800000, 0x0000000680c00000, 0x0000000680c00000|100%| O|  |TAMS 0x0000000680c00000, 0x0000000680c00000| Untracked 
|   3|0x0000000680c00000, 0x0000000681000000, 0x0000000681000000|100%|HS|  |TAMS 0x0000000681000000, 0x0000000681000000| Complete 
|   4|0x0000000681000000, 0x0000000681400000, 0x0000000681400000|100%|HC|  |TAMS 0x0000000681400000, 0x0000000681400000| Complete 
|   5|0x0000000681400000, 0x0000000681800000, 0x0000000681800000|100%|HS|  |TAMS 0x0000000681800000, 0x0000000681800000| Complete 
|   6|0x0000000681800000, 0x0000000681c00000, 0x0000000681c00000|100%|HS|  |TAMS 0x0000000681c00000, 0x0000000681c00000| Complete 
|   7|0x0000000681c00000, 0x0000000682000000, 0x0000000682000000|100%|HC|  |TAMS 0x0000000682000000, 0x0000000682000000| Complete 
|   8|0x0000000682000000, 0x0000000682400000, 0x0000000682400000|100%|HS|  |TAMS 0x0000000682400000, 0x0000000682400000| Complete 
|   9|0x0000000682400000, 0x0000000682800000, 0x0000000682800000|100%| O|  |TAMS 0x0000000682800000, 0x0000000682800000| Untracked 
|  10|0x0000000682800000, 0x0000000682c00000, 0x0000000682c00000|100%| O|  |TAMS 0x0000000682c00000, 0x0000000682c00000| Untracked 
|  11|0x0000000682c00000, 0x0000000683000000, 0x0000000683000000|100%| O|  |TAMS 0x0000000683000000, 0x0000000683000000| Untracked 
|  12|0x0000000683000000, 0x0000000683400000, 0x0000000683400000|100%| O|  |TAMS 0x0000000683400000, 0x0000000683400000| Untracked 
|  13|0x0000000683400000, 0x0000000683800000, 0x0000000683800000|100%| O|  |TAMS 0x0000000683800000, 0x0000000683800000| Untracked 
|  14|0x0000000683800000, 0x0000000683c00000, 0x0000000683c00000|100%| O|  |TAMS 0x0000000683c00000, 0x0000000683c00000| Untracked 
|  15|0x0000000683c00000, 0x0000000684000000, 0x0000000684000000|100%| O|  |TAMS 0x0000000684000000, 0x0000000684000000| Untracked 
|  16|0x0000000684000000, 0x0000000684400000, 0x0000000684400000|100%| O|  |TAMS 0x0000000684400000, 0x0000000684400000| Untracked 
|  17|0x0000000684400000, 0x0000000684800000, 0x0000000684800000|100%|HS|  |TAMS 0x0000000684800000, 0x0000000684800000| Complete 
|  18|0x0000000684800000, 0x0000000684c00000, 0x0000000684c00000|100%|HS|  |TAMS 0x0000000684c00000, 0x0000000684c00000| Complete 
|  19|0x0000000684c00000, 0x0000000685000000, 0x0000000685000000|100%|HC|  |TAMS 0x0000000685000000, 0x0000000685000000| Complete 
|  20|0x0000000685000000, 0x0000000685400000, 0x0000000685400000|100%| O|  |TAMS 0x0000000685400000, 0x0000000685400000| Untracked 
|  21|0x0000000685400000, 0x0000000685800000, 0x0000000685800000|100%| O|  |TAMS 0x0000000685800000, 0x0000000685800000| Untracked 
|  22|0x0000000685800000, 0x0000000685c00000, 0x0000000685c00000|100%| O|  |TAMS 0x0000000685c00000, 0x0000000685c00000| Untracked 
|  23|0x0000000685c00000, 0x0000000686000000, 0x0000000686000000|100%| O|  |TAMS 0x0000000686000000, 0x0000000686000000| Untracked 
|  24|0x0000000686000000, 0x0000000686400000, 0x0000000686400000|100%| O|  |TAMS 0x0000000686400000, 0x0000000686400000| Untracked 
|  25|0x0000000686400000, 0x0000000686800000, 0x0000000686800000|100%|HS|  |TAMS 0x0000000686800000, 0x0000000686800000| Complete 
|  26|0x0000000686800000, 0x0000000686c00000, 0x0000000686c00000|100%| O|  |TAMS 0x0000000686c00000, 0x0000000686c00000| Untracked 
|  27|0x0000000686c00000, 0x0000000687000000, 0x0000000687000000|100%| O|  |TAMS 0x0000000687000000, 0x0000000687000000| Untracked 
|  28|0x0000000687000000, 0x0000000687400000, 0x0000000687400000|100%| O|  |TAMS 0x0000000687400000, 0x0000000687400000| Untracked 
|  29|0x0000000687400000, 0x0000000687800000, 0x0000000687800000|100%| O|  |TAMS 0x0000000687800000, 0x0000000687800000| Untracked 
|  30|0x0000000687800000, 0x0000000687c00000, 0x0000000687c00000|100%| O|  |TAMS 0x0000000687c00000, 0x0000000687c00000| Untracked 
|  31|0x0000000687c00000, 0x0000000688000000, 0x0000000688000000|100%| O|  |TAMS 0x0000000688000000, 0x0000000688000000| Untracked 
|  32|0x0000000688000000, 0x0000000688400000, 0x0000000688400000|100%| O|  |TAMS 0x0000000688400000, 0x0000000688400000| Untracked 
|  33|0x0000000688400000, 0x0000000688800000, 0x0000000688800000|100%| O|  |TAMS 0x0000000688400000, 0x0000000688800000| Untracked 
|  34|0x0000000688800000, 0x0000000688c00000, 0x0000000688c00000|100%| O|  |TAMS 0x0000000688c00000, 0x0000000688c00000| Untracked 
|  35|0x0000000688c00000, 0x0000000688c00000, 0x0000000689000000|  0%| F|  |TAMS 0x0000000688c00000, 0x0000000688c00000| Untracked 
|  36|0x0000000689000000, 0x0000000689400000, 0x0000000689400000|100%| O|  |TAMS 0x0000000689400000, 0x0000000689400000| Untracked 
|  37|0x0000000689400000, 0x0000000689400000, 0x0000000689800000|  0%| F|  |TAMS 0x0000000689400000, 0x0000000689400000| Untracked 
|  38|0x0000000689800000, 0x0000000689800000, 0x0000000689c00000|  0%| F|  |TAMS 0x0000000689800000, 0x0000000689800000| Untracked 
|  39|0x0000000689c00000, 0x0000000689c00000, 0x000000068a000000|  0%| F|  |TAMS 0x0000000689c00000, 0x0000000689c00000| Untracked 
|  40|0x000000068a000000, 0x000000068a400000, 0x000000068a400000|100%| O|  |TAMS 0x000000068a400000, 0x000000068a400000| Untracked 
|  41|0x000000068a400000, 0x000000068a800000, 0x000000068a800000|100%| O|  |TAMS 0x000000068a800000, 0x000000068a800000| Untracked 
|  42|0x000000068a800000, 0x000000068ac00000, 0x000000068ac00000|100%| O|  |TAMS 0x000000068ac00000, 0x000000068ac00000| Untracked 
|  43|0x000000068ac00000, 0x000000068ac00000, 0x000000068b000000|  0%| F|  |TAMS 0x000000068ac00000, 0x000000068ac00000| Untracked 
|  44|0x000000068b000000, 0x000000068b400000, 0x000000068b400000|100%| O|  |TAMS 0x000000068b400000, 0x000000068b400000| Untracked 
|  45|0x000000068b400000, 0x000000068b800000, 0x000000068b800000|100%| O|  |TAMS 0x000000068b800000, 0x000000068b800000| Untracked 
|  46|0x000000068b800000, 0x000000068bc00000, 0x000000068bc00000|100%| O|  |TAMS 0x000000068bc00000, 0x000000068bc00000| Untracked 
|  47|0x000000068bc00000, 0x000000068c000000, 0x000000068c000000|100%| O|  |TAMS 0x000000068c000000, 0x000000068c000000| Untracked 
|  48|0x000000068c000000, 0x000000068c400000, 0x000000068c400000|100%| O|  |TAMS 0x000000068c400000, 0x000000068c400000| Untracked 
|  49|0x000000068c400000, 0x000000068c800000, 0x000000068c800000|100%| O|  |TAMS 0x000000068c800000, 0x000000068c800000| Untracked 
|  50|0x000000068c800000, 0x000000068cc00000, 0x000000068cc00000|100%| O|  |TAMS 0x000000068cc00000, 0x000000068cc00000| Untracked 
|  51|0x000000068cc00000, 0x000000068d000000, 0x000000068d000000|100%| O|  |TAMS 0x000000068d000000, 0x000000068d000000| Untracked 
|  52|0x000000068d000000, 0x000000068d400000, 0x000000068d400000|100%| O|  |TAMS 0x000000068d400000, 0x000000068d400000| Untracked 
|  53|0x000000068d400000, 0x000000068d800000, 0x000000068d800000|100%| O|  |TAMS 0x000000068d800000, 0x000000068d800000| Untracked 
|  54|0x000000068d800000, 0x000000068dc00000, 0x000000068dc00000|100%| O|  |TAMS 0x000000068dc00000, 0x000000068dc00000| Untracked 
|  55|0x000000068dc00000, 0x000000068e000000, 0x000000068e000000|100%| O|  |TAMS 0x000000068e000000, 0x000000068e000000| Untracked 
|  56|0x000000068e000000, 0x000000068e400000, 0x000000068e400000|100%| O|  |TAMS 0x000000068e400000, 0x000000068e400000| Untracked 
|  57|0x000000068e400000, 0x000000068e800000, 0x000000068e800000|100%| O|  |TAMS 0x000000068e800000, 0x000000068e800000| Untracked 
|  58|0x000000068e800000, 0x000000068e800000, 0x000000068ec00000|  0%| F|  |TAMS 0x000000068e800000, 0x000000068e800000| Untracked 
|  59|0x000000068ec00000, 0x000000068f000000, 0x000000068f000000|100%| O|  |TAMS 0x000000068f000000, 0x000000068f000000| Untracked 
|  60|0x000000068f000000, 0x000000068f400000, 0x000000068f400000|100%| O|  |TAMS 0x000000068f400000, 0x000000068f400000| Untracked 
|  61|0x000000068f400000, 0x000000068f800000, 0x000000068f800000|100%| O|  |TAMS 0x000000068f800000, 0x000000068f800000| Untracked 
|  62|0x000000068f800000, 0x000000068fc00000, 0x000000068fc00000|100%| O|  |TAMS 0x000000068fc00000, 0x000000068fc00000| Untracked 
|  63|0x000000068fc00000, 0x0000000690000000, 0x0000000690000000|100%| O|  |TAMS 0x0000000690000000, 0x0000000690000000| Untracked 
|  64|0x0000000690000000, 0x0000000690400000, 0x0000000690400000|100%| O|  |TAMS 0x0000000690400000, 0x0000000690400000| Untracked 
|  65|0x0000000690400000, 0x0000000690400000, 0x0000000690800000|  0%| F|  |TAMS 0x0000000690400000, 0x0000000690400000| Untracked 
|  66|0x0000000690800000, 0x0000000690800000, 0x0000000690c00000|  0%| F|  |TAMS 0x0000000690800000, 0x0000000690800000| Untracked 
|  67|0x0000000690c00000, 0x0000000691000000, 0x0000000691000000|100%| O|  |TAMS 0x0000000691000000, 0x0000000691000000| Untracked 
|  68|0x0000000691000000, 0x0000000691400000, 0x0000000691400000|100%| O|  |TAMS 0x0000000691400000, 0x0000000691400000| Untracked 
|  69|0x0000000691400000, 0x0000000691800000, 0x0000000691800000|100%| O|  |TAMS 0x0000000691800000, 0x0000000691800000| Untracked 
|  70|0x0000000691800000, 0x0000000691c00000, 0x0000000691c00000|100%| O|  |TAMS 0x0000000691c00000, 0x0000000691c00000| Untracked 
|  71|0x0000000691c00000, 0x0000000692000000, 0x0000000692000000|100%| O|  |TAMS 0x0000000692000000, 0x0000000692000000| Untracked 
|  72|0x0000000692000000, 0x0000000692400000, 0x0000000692400000|100%| O|  |TAMS 0x0000000692400000, 0x0000000692400000| Untracked 
|  73|0x0000000692400000, 0x0000000692800000, 0x0000000692800000|100%| O|  |TAMS 0x0000000692800000, 0x0000000692800000| Untracked 
|  74|0x0000000692800000, 0x0000000692c00000, 0x0000000692c00000|100%| O|  |TAMS 0x0000000692c00000, 0x0000000692c00000| Untracked 
|  75|0x0000000692c00000, 0x0000000693000000, 0x0000000693000000|100%| O|  |TAMS 0x0000000693000000, 0x0000000693000000| Untracked 
|  76|0x0000000693000000, 0x0000000693400000, 0x0000000693400000|100%| O|  |TAMS 0x0000000693400000, 0x0000000693400000| Untracked 
|  77|0x0000000693400000, 0x0000000693800000, 0x0000000693800000|100%| O|  |TAMS 0x0000000693800000, 0x0000000693800000| Untracked 
|  78|0x0000000693800000, 0x0000000693c00000, 0x0000000693c00000|100%| O|  |TAMS 0x0000000693c00000, 0x0000000693c00000| Untracked 
|  79|0x0000000693c00000, 0x0000000694000000, 0x0000000694000000|100%| O|  |TAMS 0x0000000694000000, 0x0000000694000000| Untracked 
|  80|0x0000000694000000, 0x0000000694400000, 0x0000000694400000|100%| O|  |TAMS 0x0000000694400000, 0x0000000694400000| Untracked 
|  81|0x0000000694400000, 0x0000000694800000, 0x0000000694800000|100%| O|  |TAMS 0x0000000694800000, 0x0000000694800000| Untracked 
|  82|0x0000000694800000, 0x0000000694c00000, 0x0000000694c00000|100%| O|  |TAMS 0x0000000694c00000, 0x0000000694c00000| Untracked 
|  83|0x0000000694c00000, 0x0000000695000000, 0x0000000695000000|100%| O|  |TAMS 0x0000000695000000, 0x0000000695000000| Untracked 
|  84|0x0000000695000000, 0x0000000695400000, 0x0000000695400000|100%| O|  |TAMS 0x0000000695400000, 0x0000000695400000| Untracked 
|  85|0x0000000695400000, 0x0000000695800000, 0x0000000695800000|100%| O|  |TAMS 0x0000000695800000, 0x0000000695800000| Untracked 
|  86|0x0000000695800000, 0x0000000695c00000, 0x0000000695c00000|100%| O|  |TAMS 0x0000000695c00000, 0x0000000695c00000| Untracked 
|  87|0x0000000695c00000, 0x0000000696000000, 0x0000000696000000|100%| O|  |TAMS 0x0000000696000000, 0x0000000696000000| Untracked 
|  88|0x0000000696000000, 0x0000000696400000, 0x0000000696400000|100%| O|  |TAMS 0x0000000696400000, 0x0000000696400000| Untracked 
|  89|0x0000000696400000, 0x0000000696800000, 0x0000000696800000|100%| O|  |TAMS 0x0000000696800000, 0x0000000696800000| Untracked 
|  90|0x0000000696800000, 0x0000000696c00000, 0x0000000696c00000|100%| O|  |TAMS 0x0000000696c00000, 0x0000000696c00000| Untracked 
|  91|0x0000000696c00000, 0x0000000696c00000, 0x0000000697000000|  0%| F|  |TAMS 0x0000000696c00000, 0x0000000696c00000| Untracked 
|  92|0x0000000697000000, 0x0000000697400000, 0x0000000697400000|100%| O|  |TAMS 0x0000000697000000, 0x0000000697400000| Untracked 
|  93|0x0000000697400000, 0x0000000697800000, 0x0000000697800000|100%| O|  |TAMS 0x0000000697400000, 0x0000000697800000| Untracked 
|  94|0x0000000697800000, 0x0000000697c00000, 0x0000000697c00000|100%| O|  |TAMS 0x0000000697800000, 0x0000000697c00000| Untracked 
|  95|0x0000000697c00000, 0x0000000698000000, 0x0000000698000000|100%| O|  |TAMS 0x0000000697c00000, 0x0000000698000000| Untracked 
|  96|0x0000000698000000, 0x0000000698400000, 0x0000000698400000|100%| O|  |TAMS 0x0000000698000000, 0x0000000698400000| Untracked 
|  97|0x0000000698400000, 0x0000000698800000, 0x0000000698800000|100%| O|  |TAMS 0x0000000698400000, 0x0000000698800000| Untracked 
|  98|0x0000000698800000, 0x0000000698c00000, 0x0000000698c00000|100%| O|  |TAMS 0x0000000698800000, 0x0000000698c00000| Untracked 
|  99|0x0000000698c00000, 0x0000000699000000, 0x0000000699000000|100%| O|  |TAMS 0x0000000698c00000, 0x0000000699000000| Untracked 
| 100|0x0000000699000000, 0x0000000699400000, 0x0000000699400000|100%| O|  |TAMS 0x0000000699000000, 0x0000000699400000| Untracked 
| 101|0x0000000699400000, 0x0000000699800000, 0x0000000699800000|100%| O|  |TAMS 0x0000000699400000, 0x0000000699800000| Untracked 
| 102|0x0000000699800000, 0x0000000699c00000, 0x0000000699c00000|100%| O|  |TAMS 0x0000000699800000, 0x0000000699c00000| Untracked 
| 103|0x0000000699c00000, 0x000000069a000000, 0x000000069a000000|100%| O|  |TAMS 0x0000000699c00000, 0x000000069a000000| Untracked 
| 104|0x000000069a000000, 0x000000069a400000, 0x000000069a400000|100%| O|  |TAMS 0x000000069a000000, 0x000000069a400000| Untracked 
| 105|0x000000069a400000, 0x000000069a800000, 0x000000069a800000|100%| O|  |TAMS 0x000000069a400000, 0x000000069a800000| Untracked 
| 106|0x000000069a800000, 0x000000069ac00000, 0x000000069ac00000|100%| O|  |TAMS 0x000000069a800000, 0x000000069ac00000| Untracked 
| 107|0x000000069ac00000, 0x000000069b000000, 0x000000069b000000|100%| O|  |TAMS 0x000000069ac00000, 0x000000069b000000| Untracked 
| 108|0x000000069b000000, 0x000000069b400000, 0x000000069b400000|100%| O|  |TAMS 0x000000069b000000, 0x000000069b400000| Untracked 
| 109|0x000000069b400000, 0x000000069b800000, 0x000000069b800000|100%| O|  |TAMS 0x000000069b400000, 0x000000069b800000| Untracked 
| 110|0x000000069b800000, 0x000000069bc00000, 0x000000069bc00000|100%| O|  |TAMS 0x000000069b800000, 0x000000069bc00000| Untracked 
| 111|0x000000069bc00000, 0x000000069c000000, 0x000000069c000000|100%| O|  |TAMS 0x000000069bc00000, 0x000000069c000000| Untracked 
| 112|0x000000069c000000, 0x000000069c400000, 0x000000069c400000|100%| O|  |TAMS 0x000000069c000000, 0x000000069c400000| Untracked 
| 113|0x000000069c400000, 0x000000069c800000, 0x000000069c800000|100%| O|  |TAMS 0x000000069c400000, 0x000000069c800000| Untracked 
| 114|0x000000069c800000, 0x000000069cc00000, 0x000000069cc00000|100%| O|  |TAMS 0x000000069c800000, 0x000000069cc00000| Untracked 
| 115|0x000000069cc00000, 0x000000069d000000, 0x000000069d000000|100%| O|  |TAMS 0x000000069cc00000, 0x000000069d000000| Untracked 
| 116|0x000000069d000000, 0x000000069d400000, 0x000000069d400000|100%| O|  |TAMS 0x000000069d000000, 0x000000069d400000| Untracked 
| 117|0x000000069d400000, 0x000000069d800000, 0x000000069d800000|100%| O|  |TAMS 0x000000069d400000, 0x000000069d800000| Untracked 
| 118|0x000000069d800000, 0x000000069dc00000, 0x000000069dc00000|100%| O|  |TAMS 0x000000069d800000, 0x000000069dc00000| Untracked 
| 119|0x000000069dc00000, 0x000000069e000000, 0x000000069e000000|100%| O|  |TAMS 0x000000069dc00000, 0x000000069e000000| Untracked 
| 120|0x000000069e000000, 0x000000069e400000, 0x000000069e400000|100%| O|  |TAMS 0x000000069e000000, 0x000000069e400000| Untracked 
| 121|0x000000069e400000, 0x000000069e800000, 0x000000069e800000|100%| O|  |TAMS 0x000000069e400000, 0x000000069e800000| Untracked 
| 122|0x000000069e800000, 0x000000069ec00000, 0x000000069ec00000|100%| O|  |TAMS 0x000000069e800000, 0x000000069ec00000| Untracked 
| 123|0x000000069ec00000, 0x000000069f000000, 0x000000069f000000|100%| O|  |TAMS 0x000000069ec00000, 0x000000069f000000| Untracked 
| 124|0x000000069f000000, 0x000000069f400000, 0x000000069f400000|100%| O|  |TAMS 0x000000069f000000, 0x000000069f400000| Untracked 
| 125|0x000000069f400000, 0x000000069f800000, 0x000000069f800000|100%| O|  |TAMS 0x000000069f400000, 0x000000069f800000| Untracked 
| 126|0x000000069f800000, 0x000000069fc00000, 0x000000069fc00000|100%| O|  |TAMS 0x000000069f800000, 0x000000069fc00000| Untracked 
| 127|0x000000069fc00000, 0x00000006a0000000, 0x00000006a0000000|100%| O|  |TAMS 0x000000069fc00000, 0x00000006a0000000| Untracked 
| 128|0x00000006a0000000, 0x00000006a0400000, 0x00000006a0400000|100%| O|  |TAMS 0x00000006a0000000, 0x00000006a0400000| Untracked 
| 129|0x00000006a0400000, 0x00000006a0800000, 0x00000006a0800000|100%| O|  |TAMS 0x00000006a0400000, 0x00000006a0800000| Untracked 
| 130|0x00000006a0800000, 0x00000006a0c00000, 0x00000006a0c00000|100%| O|  |TAMS 0x00000006a0800000, 0x00000006a0c00000| Untracked 
| 131|0x00000006a0c00000, 0x00000006a0ff0a00, 0x00000006a1000000| 98%| O|  |TAMS 0x00000006a0c00000, 0x00000006a0ff0a00| Untracked 
| 132|0x00000006a1000000, 0x00000006a1000000, 0x00000006a1400000|  0%| F|  |TAMS 0x00000006a1000000, 0x00000006a1000000| Untracked 
| 133|0x00000006a1400000, 0x00000006a1400000, 0x00000006a1800000|  0%| F|  |TAMS 0x00000006a1400000, 0x00000006a1400000| Untracked 
| 134|0x00000006a1800000, 0x00000006a1800000, 0x00000006a1c00000|  0%| F|  |TAMS 0x00000006a1800000, 0x00000006a1800000| Untracked 
| 135|0x00000006a1c00000, 0x00000006a1c00000, 0x00000006a2000000|  0%| F|  |TAMS 0x00000006a1c00000, 0x00000006a1c00000| Untracked 
| 136|0x00000006a2000000, 0x00000006a2000000, 0x00000006a2400000|  0%| F|  |TAMS 0x00000006a2000000, 0x00000006a2000000| Untracked 
| 137|0x00000006a2400000, 0x00000006a2400000, 0x00000006a2800000|  0%| F|  |TAMS 0x00000006a2400000, 0x00000006a2400000| Untracked 
| 138|0x00000006a2800000, 0x00000006a2800000, 0x00000006a2c00000|  0%| F|  |TAMS 0x00000006a2800000, 0x00000006a2800000| Untracked 
| 139|0x00000006a2c00000, 0x00000006a2c00000, 0x00000006a3000000|  0%| F|  |TAMS 0x00000006a2c00000, 0x00000006a2c00000| Untracked 
| 140|0x00000006a3000000, 0x00000006a3000000, 0x00000006a3400000|  0%| F|  |TAMS 0x00000006a3000000, 0x00000006a3000000| Untracked 
| 141|0x00000006a3400000, 0x00000006a3400000, 0x00000006a3800000|  0%| F|  |TAMS 0x00000006a3400000, 0x00000006a3400000| Untracked 
| 142|0x00000006a3800000, 0x00000006a3800000, 0x00000006a3c00000|  0%| F|  |TAMS 0x00000006a3800000, 0x00000006a3800000| Untracked 
| 143|0x00000006a3c00000, 0x00000006a3c00000, 0x00000006a4000000|  0%| F|  |TAMS 0x00000006a3c00000, 0x00000006a3c00000| Untracked 
| 144|0x00000006a4000000, 0x00000006a4000000, 0x00000006a4400000|  0%| F|  |TAMS 0x00000006a4000000, 0x00000006a4000000| Untracked 
| 145|0x00000006a4400000, 0x00000006a4400000, 0x00000006a4800000|  0%| F|  |TAMS 0x00000006a4400000, 0x00000006a4400000| Untracked 
| 146|0x00000006a4800000, 0x00000006a4800000, 0x00000006a4c00000|  0%| F|  |TAMS 0x00000006a4800000, 0x00000006a4800000| Untracked 
| 147|0x00000006a4c00000, 0x00000006a4c00000, 0x00000006a5000000|  0%| F|  |TAMS 0x00000006a4c00000, 0x00000006a4c00000| Untracked 
| 148|0x00000006a5000000, 0x00000006a5000000, 0x00000006a5400000|  0%| F|  |TAMS 0x00000006a5000000, 0x00000006a5000000| Untracked 
| 149|0x00000006a5400000, 0x00000006a5400000, 0x00000006a5800000|  0%| F|  |TAMS 0x00000006a5400000, 0x00000006a5400000| Untracked 
| 150|0x00000006a5800000, 0x00000006a5800000, 0x00000006a5c00000|  0%| F|  |TAMS 0x00000006a5800000, 0x00000006a5800000| Untracked 
| 151|0x00000006a5c00000, 0x00000006a5c00000, 0x00000006a6000000|  0%| F|  |TAMS 0x00000006a5c00000, 0x00000006a5c00000| Untracked 
| 152|0x00000006a6000000, 0x00000006a6000000, 0x00000006a6400000|  0%| F|  |TAMS 0x00000006a6000000, 0x00000006a6000000| Untracked 
| 153|0x00000006a6400000, 0x00000006a6400000, 0x00000006a6800000|  0%| F|  |TAMS 0x00000006a6400000, 0x00000006a6400000| Untracked 
| 154|0x00000006a6800000, 0x00000006a6800000, 0x00000006a6c00000|  0%| F|  |TAMS 0x00000006a6800000, 0x00000006a6800000| Untracked 
| 155|0x00000006a6c00000, 0x00000006a6c00000, 0x00000006a7000000|  0%| F|  |TAMS 0x00000006a6c00000, 0x00000006a6c00000| Untracked 
| 156|0x00000006a7000000, 0x00000006a7000000, 0x00000006a7400000|  0%| F|  |TAMS 0x00000006a7000000, 0x00000006a7000000| Untracked 
| 157|0x00000006a7400000, 0x00000006a7400000, 0x00000006a7800000|  0%| F|  |TAMS 0x00000006a7400000, 0x00000006a7400000| Untracked 
| 158|0x00000006a7800000, 0x00000006a7800000, 0x00000006a7c00000|  0%| F|  |TAMS 0x00000006a7800000, 0x00000006a7800000| Untracked 
| 159|0x00000006a7c00000, 0x00000006a7c00000, 0x00000006a8000000|  0%| F|  |TAMS 0x00000006a7c00000, 0x00000006a7c00000| Untracked 
| 160|0x00000006a8000000, 0x00000006a8000000, 0x00000006a8400000|  0%| F|  |TAMS 0x00000006a8000000, 0x00000006a8000000| Untracked 
| 161|0x00000006a8400000, 0x00000006a8400000, 0x00000006a8800000|  0%| F|  |TAMS 0x00000006a8400000, 0x00000006a8400000| Untracked 
| 162|0x00000006a8800000, 0x00000006a8800000, 0x00000006a8c00000|  0%| F|  |TAMS 0x00000006a8800000, 0x00000006a8800000| Untracked 
| 163|0x00000006a8c00000, 0x00000006a8c00000, 0x00000006a9000000|  0%| F|  |TAMS 0x00000006a8c00000, 0x00000006a8c00000| Untracked 
| 164|0x00000006a9000000, 0x00000006a9000000, 0x00000006a9400000|  0%| F|  |TAMS 0x00000006a9000000, 0x00000006a9000000| Untracked 
| 165|0x00000006a9400000, 0x00000006a9400000, 0x00000006a9800000|  0%| F|  |TAMS 0x00000006a9400000, 0x00000006a9400000| Untracked 
| 166|0x00000006a9800000, 0x00000006a9800000, 0x00000006a9c00000|  0%| F|  |TAMS 0x00000006a9800000, 0x00000006a9800000| Untracked 
| 167|0x00000006a9c00000, 0x00000006a9c00000, 0x00000006aa000000|  0%| F|  |TAMS 0x00000006a9c00000, 0x00000006a9c00000| Untracked 
| 168|0x00000006aa000000, 0x00000006aa000000, 0x00000006aa400000|  0%| F|  |TAMS 0x00000006aa000000, 0x00000006aa000000| Untracked 
| 169|0x00000006aa400000, 0x00000006aa400000, 0x00000006aa800000|  0%| F|  |TAMS 0x00000006aa400000, 0x00000006aa400000| Untracked 
| 170|0x00000006aa800000, 0x00000006aa800000, 0x00000006aac00000|  0%| F|  |TAMS 0x00000006aa800000, 0x00000006aa800000| Untracked 
| 171|0x00000006aac00000, 0x00000006aac00000, 0x00000006ab000000|  0%| F|  |TAMS 0x00000006aac00000, 0x00000006aac00000| Untracked 
| 172|0x00000006ab000000, 0x00000006ab000000, 0x00000006ab400000|  0%| F|  |TAMS 0x00000006ab000000, 0x00000006ab000000| Untracked 
| 173|0x00000006ab400000, 0x00000006ab400000, 0x00000006ab800000|  0%| F|  |TAMS 0x00000006ab400000, 0x00000006ab400000| Untracked 
| 174|0x00000006ab800000, 0x00000006ab800000, 0x00000006abc00000|  0%| F|  |TAMS 0x00000006ab800000, 0x00000006ab800000| Untracked 
| 175|0x00000006abc00000, 0x00000006abc00000, 0x00000006ac000000|  0%| F|  |TAMS 0x00000006abc00000, 0x00000006abc00000| Untracked 
| 176|0x00000006ac000000, 0x00000006ac000000, 0x00000006ac400000|  0%| F|  |TAMS 0x00000006ac000000, 0x00000006ac000000| Untracked 
| 177|0x00000006ac400000, 0x00000006ac400000, 0x00000006ac800000|  0%| F|  |TAMS 0x00000006ac400000, 0x00000006ac400000| Untracked 
| 178|0x00000006ac800000, 0x00000006ac800000, 0x00000006acc00000|  0%| F|  |TAMS 0x00000006ac800000, 0x00000006ac800000| Untracked 
| 179|0x00000006acc00000, 0x00000006acc00000, 0x00000006ad000000|  0%| F|  |TAMS 0x00000006acc00000, 0x00000006acc00000| Untracked 
| 180|0x00000006ad000000, 0x00000006ad000000, 0x00000006ad400000|  0%| F|  |TAMS 0x00000006ad000000, 0x00000006ad000000| Untracked 
| 181|0x00000006ad400000, 0x00000006ad400000, 0x00000006ad800000|  0%| F|  |TAMS 0x00000006ad400000, 0x00000006ad400000| Untracked 
| 182|0x00000006ad800000, 0x00000006ad800000, 0x00000006adc00000|  0%| F|  |TAMS 0x00000006ad800000, 0x00000006ad800000| Untracked 
| 183|0x00000006adc00000, 0x00000006adc00000, 0x00000006ae000000|  0%| F|  |TAMS 0x00000006adc00000, 0x00000006adc00000| Untracked 
| 184|0x00000006ae000000, 0x00000006ae000000, 0x00000006ae400000|  0%| F|  |TAMS 0x00000006ae000000, 0x00000006ae000000| Untracked 
| 185|0x00000006ae400000, 0x00000006ae400000, 0x00000006ae800000|  0%| F|  |TAMS 0x00000006ae400000, 0x00000006ae400000| Untracked 
| 186|0x00000006ae800000, 0x00000006ae800000, 0x00000006aec00000|  0%| F|  |TAMS 0x00000006ae800000, 0x00000006ae800000| Untracked 
| 187|0x00000006aec00000, 0x00000006aec00000, 0x00000006af000000|  0%| F|  |TAMS 0x00000006aec00000, 0x00000006aec00000| Untracked 
| 188|0x00000006af000000, 0x00000006af000000, 0x00000006af400000|  0%| F|  |TAMS 0x00000006af000000, 0x00000006af000000| Untracked 
| 189|0x00000006af400000, 0x00000006af400000, 0x00000006af800000|  0%| F|  |TAMS 0x00000006af400000, 0x00000006af400000| Untracked 
| 190|0x00000006af800000, 0x00000006af800000, 0x00000006afc00000|  0%| F|  |TAMS 0x00000006af800000, 0x00000006af800000| Untracked 
| 191|0x00000006afc00000, 0x00000006afc00000, 0x00000006b0000000|  0%| F|  |TAMS 0x00000006afc00000, 0x00000006afc00000| Untracked 
| 192|0x00000006b0000000, 0x00000006b0000000, 0x00000006b0400000|  0%| F|  |TAMS 0x00000006b0000000, 0x00000006b0000000| Untracked 
| 193|0x00000006b0400000, 0x00000006b0400000, 0x00000006b0800000|  0%| F|  |TAMS 0x00000006b0400000, 0x00000006b0400000| Untracked 
| 194|0x00000006b0800000, 0x00000006b0800000, 0x00000006b0c00000|  0%| F|  |TAMS 0x00000006b0800000, 0x00000006b0800000| Untracked 
| 195|0x00000006b0c00000, 0x00000006b0c00000, 0x00000006b1000000|  0%| F|  |TAMS 0x00000006b0c00000, 0x00000006b0c00000| Untracked 
| 196|0x00000006b1000000, 0x00000006b1000000, 0x00000006b1400000|  0%| F|  |TAMS 0x00000006b1000000, 0x00000006b1000000| Untracked 
| 197|0x00000006b1400000, 0x00000006b1400000, 0x00000006b1800000|  0%| F|  |TAMS 0x00000006b1400000, 0x00000006b1400000| Untracked 
| 198|0x00000006b1800000, 0x00000006b1800000, 0x00000006b1c00000|  0%| F|  |TAMS 0x00000006b1800000, 0x00000006b1800000| Untracked 
| 199|0x00000006b1c00000, 0x00000006b1c00000, 0x00000006b2000000|  0%| F|  |TAMS 0x00000006b1c00000, 0x00000006b1c00000| Untracked 
| 200|0x00000006b2000000, 0x00000006b2000000, 0x00000006b2400000|  0%| F|  |TAMS 0x00000006b2000000, 0x00000006b2000000| Untracked 
| 201|0x00000006b2400000, 0x00000006b2400000, 0x00000006b2800000|  0%| F|  |TAMS 0x00000006b2400000, 0x00000006b2400000| Untracked 
| 202|0x00000006b2800000, 0x00000006b2800000, 0x00000006b2c00000|  0%| F|  |TAMS 0x00000006b2800000, 0x00000006b2800000| Untracked 
| 203|0x00000006b2c00000, 0x00000006b2c00000, 0x00000006b3000000|  0%| F|  |TAMS 0x00000006b2c00000, 0x00000006b2c00000| Untracked 
| 204|0x00000006b3000000, 0x00000006b3000000, 0x00000006b3400000|  0%| F|  |TAMS 0x00000006b3000000, 0x00000006b3000000| Untracked 
| 205|0x00000006b3400000, 0x00000006b3400000, 0x00000006b3800000|  0%| F|  |TAMS 0x00000006b3400000, 0x00000006b3400000| Untracked 
| 206|0x00000006b3800000, 0x00000006b3800000, 0x00000006b3c00000|  0%| F|  |TAMS 0x00000006b3800000, 0x00000006b3800000| Untracked 
| 207|0x00000006b3c00000, 0x00000006b3c00000, 0x00000006b4000000|  0%| F|  |TAMS 0x00000006b3c00000, 0x00000006b3c00000| Untracked 
| 208|0x00000006b4000000, 0x00000006b4000000, 0x00000006b4400000|  0%| F|  |TAMS 0x00000006b4000000, 0x00000006b4000000| Untracked 
| 209|0x00000006b4400000, 0x00000006b4400000, 0x00000006b4800000|  0%| F|  |TAMS 0x00000006b4400000, 0x00000006b4400000| Untracked 
| 210|0x00000006b4800000, 0x00000006b4800000, 0x00000006b4c00000|  0%| F|  |TAMS 0x00000006b4800000, 0x00000006b4800000| Untracked 
| 211|0x00000006b4c00000, 0x00000006b4c00000, 0x00000006b5000000|  0%| F|  |TAMS 0x00000006b4c00000, 0x00000006b4c00000| Untracked 
| 212|0x00000006b5000000, 0x00000006b528daf0, 0x00000006b5400000| 63%| S|CS|TAMS 0x00000006b5000000, 0x00000006b5000000| Complete 
| 213|0x00000006b5400000, 0x00000006b5800000, 0x00000006b5800000|100%| S|CS|TAMS 0x00000006b5400000, 0x00000006b5400000| Complete 
| 214|0x00000006b5800000, 0x00000006b5c00000, 0x00000006b5c00000|100%| S|CS|TAMS 0x00000006b5800000, 0x00000006b5800000| Complete 
| 215|0x00000006b5c00000, 0x00000006b6000000, 0x00000006b6000000|100%| S|CS|TAMS 0x00000006b5c00000, 0x00000006b5c00000| Complete 
| 216|0x00000006b6000000, 0x00000006b6400000, 0x00000006b6400000|100%| S|CS|TAMS 0x00000006b6000000, 0x00000006b6000000| Complete 
| 217|0x00000006b6400000, 0x00000006b6800000, 0x00000006b6800000|100%| S|CS|TAMS 0x00000006b6400000, 0x00000006b6400000| Complete 
| 218|0x00000006b6800000, 0x00000006b6c00000, 0x00000006b6c00000|100%| S|CS|TAMS 0x00000006b6800000, 0x00000006b6800000| Complete 
| 219|0x00000006b6c00000, 0x00000006b6c00000, 0x00000006b7000000|  0%| F|  |TAMS 0x00000006b6c00000, 0x00000006b6c00000| Untracked 
| 220|0x00000006b7000000, 0x00000006b7000000, 0x00000006b7400000|  0%| F|  |TAMS 0x00000006b7000000, 0x00000006b7000000| Untracked 
| 221|0x00000006b7400000, 0x00000006b7400000, 0x00000006b7800000|  0%| F|  |TAMS 0x00000006b7400000, 0x00000006b7400000| Untracked 
| 222|0x00000006b7800000, 0x00000006b7800000, 0x00000006b7c00000|  0%| F|  |TAMS 0x00000006b7800000, 0x00000006b7800000| Untracked 
| 223|0x00000006b7c00000, 0x00000006b7c00000, 0x00000006b8000000|  0%| F|  |TAMS 0x00000006b7c00000, 0x00000006b7c00000| Untracked 
| 224|0x00000006b8000000, 0x00000006b8000000, 0x00000006b8400000|  0%| F|  |TAMS 0x00000006b8000000, 0x00000006b8000000| Untracked 
| 225|0x00000006b8400000, 0x00000006b8400000, 0x00000006b8800000|  0%| F|  |TAMS 0x00000006b8400000, 0x00000006b8400000| Untracked 
| 226|0x00000006b8800000, 0x00000006b8800000, 0x00000006b8c00000|  0%| F|  |TAMS 0x00000006b8800000, 0x00000006b8800000| Untracked 
| 227|0x00000006b8c00000, 0x00000006b8c00000, 0x00000006b9000000|  0%| F|  |TAMS 0x00000006b8c00000, 0x00000006b8c00000| Untracked 
| 228|0x00000006b9000000, 0x00000006b9000000, 0x00000006b9400000|  0%| F|  |TAMS 0x00000006b9000000, 0x00000006b9000000| Untracked 
| 229|0x00000006b9400000, 0x00000006b9400000, 0x00000006b9800000|  0%| F|  |TAMS 0x00000006b9400000, 0x00000006b9400000| Untracked 
| 230|0x00000006b9800000, 0x00000006b9800000, 0x00000006b9c00000|  0%| F|  |TAMS 0x00000006b9800000, 0x00000006b9800000| Untracked 
| 231|0x00000006b9c00000, 0x00000006b9c00000, 0x00000006ba000000|  0%| F|  |TAMS 0x00000006b9c00000, 0x00000006b9c00000| Untracked 
| 232|0x00000006ba000000, 0x00000006ba000000, 0x00000006ba400000|  0%| F|  |TAMS 0x00000006ba000000, 0x00000006ba000000| Untracked 
| 233|0x00000006ba400000, 0x00000006ba400000, 0x00000006ba800000|  0%| F|  |TAMS 0x00000006ba400000, 0x00000006ba400000| Untracked 
| 234|0x00000006ba800000, 0x00000006ba800000, 0x00000006bac00000|  0%| F|  |TAMS 0x00000006ba800000, 0x00000006ba800000| Untracked 
| 235|0x00000006bac00000, 0x00000006bac00000, 0x00000006bb000000|  0%| F|  |TAMS 0x00000006bac00000, 0x00000006bac00000| Untracked 
| 236|0x00000006bb000000, 0x00000006bb000000, 0x00000006bb400000|  0%| F|  |TAMS 0x00000006bb000000, 0x00000006bb000000| Untracked 
| 237|0x00000006bb400000, 0x00000006bb400000, 0x00000006bb800000|  0%| F|  |TAMS 0x00000006bb400000, 0x00000006bb400000| Untracked 
| 238|0x00000006bb800000, 0x00000006bb800000, 0x00000006bbc00000|  0%| F|  |TAMS 0x00000006bb800000, 0x00000006bb800000| Untracked 
| 239|0x00000006bbc00000, 0x00000006bbc00000, 0x00000006bc000000|  0%| F|  |TAMS 0x00000006bbc00000, 0x00000006bbc00000| Untracked 
| 240|0x00000006bc000000, 0x00000006bc000000, 0x00000006bc400000|  0%| F|  |TAMS 0x00000006bc000000, 0x00000006bc000000| Untracked 
| 241|0x00000006bc400000, 0x00000006bc400000, 0x00000006bc800000|  0%| F|  |TAMS 0x00000006bc400000, 0x00000006bc400000| Untracked 
| 242|0x00000006bc800000, 0x00000006bc800000, 0x00000006bcc00000|  0%| F|  |TAMS 0x00000006bc800000, 0x00000006bc800000| Untracked 
| 243|0x00000006bcc00000, 0x00000006bcc00000, 0x00000006bd000000|  0%| F|  |TAMS 0x00000006bcc00000, 0x00000006bcc00000| Untracked 
| 244|0x00000006bd000000, 0x00000006bd000000, 0x00000006bd400000|  0%| F|  |TAMS 0x00000006bd000000, 0x00000006bd000000| Untracked 
| 245|0x00000006bd400000, 0x00000006bd400000, 0x00000006bd800000|  0%| F|  |TAMS 0x00000006bd400000, 0x00000006bd400000| Untracked 
| 246|0x00000006bd800000, 0x00000006bd800000, 0x00000006bdc00000|  0%| F|  |TAMS 0x00000006bd800000, 0x00000006bd800000| Untracked 
| 247|0x00000006bdc00000, 0x00000006bdc00000, 0x00000006be000000|  0%| F|  |TAMS 0x00000006bdc00000, 0x00000006bdc00000| Untracked 
| 248|0x00000006be000000, 0x00000006be000000, 0x00000006be400000|  0%| F|  |TAMS 0x00000006be000000, 0x00000006be000000| Untracked 
| 249|0x00000006be400000, 0x00000006be400000, 0x00000006be800000|  0%| F|  |TAMS 0x00000006be400000, 0x00000006be400000| Untracked 
|1521|0x00000007fc400000, 0x00000007fc800000, 0x00000007fc800000|100%| O|  |TAMS 0x00000007fc800000, 0x00000007fc800000| Untracked 
|1522|0x00000007fc800000, 0x00000007fcc00000, 0x00000007fcc00000|100%| O|  |TAMS 0x00000007fcc00000, 0x00000007fcc00000| Untracked 
|1523|0x00000007fcc00000, 0x00000007fd000000, 0x00000007fd000000|100%| O|  |TAMS 0x00000007fd000000, 0x00000007fd000000| Untracked 
|1524|0x00000007fd000000, 0x00000007fd400000, 0x00000007fd400000|100%| O|  |TAMS 0x00000007fd400000, 0x00000007fd400000| Untracked 
|1525|0x00000007fd400000, 0x00000007fd400000, 0x00000007fd800000|  0%| F|  |TAMS 0x00000007fd400000, 0x00000007fd400000| Untracked 
|1531|0x00000007fec00000, 0x00000007fec00000, 0x00000007ff000000|  0%| F|  |TAMS 0x00000007fec00000, 0x00000007fec00000| Untracked 
|1532|0x00000007ff000000, 0x00000007ff000000, 0x00000007ff400000|  0%| F|  |TAMS 0x00000007ff000000, 0x00000007ff000000| Untracked 
|1533|0x00000007ff400000, 0x00000007ff400000, 0x00000007ff800000|  0%| F|  |TAMS 0x00000007ff400000, 0x00000007ff400000| Untracked 
|1534|0x00000007ff800000, 0x00000007ff800000, 0x00000007ffc00000|  0%| F|  |TAMS 0x00000007ff800000, 0x00000007ff800000| Untracked 
|1535|0x00000007ffc00000, 0x00000007ffc00000, 0x0000000800000000|  0%| F|  |TAMS 0x00000007ffc00000, 0x00000007ffc00000| Untracked 

Card table byte_map: [0x0000022a61690000,0x0000022a62290000] _byte_map_base: 0x0000022a5e290000

Marking Bits (Prev, Next): (CMBitMap*) 0x0000022a49ea7ee0, (CMBitMap*) 0x0000022a49ea7f20
 Prev Bits: [0x0000022a62e90000, 0x0000022a68e90000)
 Next Bits: [0x0000022a68e90000, 0x0000022a6ee90000)

Polling page: 0x0000022a47d10000

Metaspace:

Usage:
  Non-class:     80.95 MB used.
      Class:     12.57 MB used.
       Both:     93.52 MB used.

Virtual space:
  Non-class space:      128.00 MB reserved,      81.44 MB ( 64%) committed,  2 nodes.
      Class space:        1.00 GB reserved,      12.94 MB (  1%) committed,  1 nodes.
             Both:        1.12 GB reserved,      94.38 MB (  8%) committed. 

Chunk freelists:
   Non-Class:  14.36 MB
       Class:  3.02 MB
        Both:  17.38 MB

MaxMetaspaceSize: unlimited
CompressedClassSpaceSize: 1.00 GB
Initial GC threshold: 21.00 MB
Current GC threshold: 157.12 MB
CDS: on
MetaspaceReclaimPolicy: balanced
 - commit_granule_bytes: 65536.
 - commit_granule_words: 8192.
 - virtual_space_node_default_size: 8388608.
 - enlarge_chunks_in_place: 1.
 - new_chunks_are_fully_committed: 0.
 - uncommit_free_chunks: 1.
 - use_allocation_guard: 0.
 - handle_deallocations: 1.


Internal statistics:

num_allocs_failed_limit: 9.
num_arena_births: 1054.
num_arena_deaths: 18.
num_vsnodes_births: 3.
num_vsnodes_deaths: 0.
num_space_committed: 1510.
num_space_uncommitted: 0.
num_chunks_returned_to_freelist: 58.
num_chunks_taken_from_freelist: 4940.
num_chunk_merges: 10.
num_chunk_splits: 3116.
num_chunks_enlarged: 1954.
num_inconsistent_stats: 0.

CodeHeap 'non-profiled nmethods': size=120000Kb used=12108Kb max_used=12108Kb free=107891Kb
 bounds [0x0000022a59450000, 0x0000022a5a030000, 0x0000022a60980000]
CodeHeap 'profiled nmethods': size=120000Kb used=26753Kb max_used=26753Kb free=93246Kb
 bounds [0x0000022a51980000, 0x0000022a533b0000, 0x0000022a58eb0000]
CodeHeap 'non-nmethods': size=5760Kb used=2453Kb max_used=2507Kb free=3306Kb
 bounds [0x0000022a58eb0000, 0x0000022a59130000, 0x0000022a59450000]
 total_blobs=14746 nmethods=13758 adapters=899
 compilation: enabled
              stopped_count=0, restarted_count=0
 full_count=0

Compilation events (20 events):
Event: 229.225 Thread 0x0000022a71802890 17367       3       sun.nio.cs.UTF_8$Encoder::encodeArrayLoopSlow (377 bytes)
Event: 229.225 Thread 0x0000022a71802890 nmethod 17367 0x0000022a52dad710 code [0x0000022a52dadba0, 0x0000022a52db02c8]
Event: 229.225 Thread 0x0000022a71802890 17368       3       sun.nio.cs.UTF_8$Encoder::overflow (11 bytes)
Event: 229.226 Thread 0x0000022a71802890 nmethod 17368 0x0000022a53016f10 code [0x0000022a53017100, 0x0000022a53017658]
Event: 229.244 Thread 0x0000022a71802890 17369       3       java.lang.StringCoding::implEncodeAsciiArray (47 bytes)
Event: 229.244 Thread 0x0000022a71802890 nmethod 17369 0x0000022a53016990 code [0x0000022a53016b40, 0x0000022a53016d78]
Event: 229.246 Thread 0x0000022a71806920 17370 %     4       java.lang.StringCoding::implEncodeAsciiArray @ 3 (47 bytes)
Event: 229.250 Thread 0x0000022a71806920 nmethod 17370% 0x0000022a5a020010 code [0x0000022a5a0201a0, 0x0000022a5a020578]
Event: 229.251 Thread 0x0000022a71806920 17371       4       java.lang.StringCoding::implEncodeAsciiArray (47 bytes)
Event: 229.255 Thread 0x0000022a71806920 nmethod 17371 0x0000022a5a020710 code [0x0000022a5a0208a0, 0x0000022a5a020c18]
Event: 229.282 Thread 0x0000022a71806920 17372       4       java.util.zip.DeflaterOutputStream::deflate (36 bytes)
Event: 229.287 Thread 0x0000022a71806920 nmethod 17372 0x0000022a5a020d10 code [0x0000022a5a020ee0, 0x0000022a5a021a68]
Event: 229.300 Thread 0x0000022a71806920 17373       4       java.util.zip.DeflaterOutputStream::write (88 bytes)
Event: 229.305 Thread 0x0000022a71806920 nmethod 17373 0x0000022a5a022010 code [0x0000022a5a0221e0, 0x0000022a5a022da8]
Event: 230.561 Thread 0x0000022a71802890 17374       3       java.io.File::getCanonicalFile (38 bytes)
Event: 230.561 Thread 0x0000022a71802890 nmethod 17374 0x0000022a53015f10 code [0x0000022a53016140, 0x0000022a53016798]
Event: 230.752 Thread 0x0000022a71802890 17375   !   3       sun.nio.ch.FileChannelImpl::read (266 bytes)
Event: 230.756 Thread 0x0000022a71802890 nmethod 17375 0x0000022a53014410 code [0x0000022a53014720, 0x0000022a53015728]
Event: 230.756 Thread 0x0000022a71802890 17376       3       sun.nio.ch.FileDispatcherImpl::read (8 bytes)
Event: 230.757 Thread 0x0000022a71802890 nmethod 17376 0x0000022a52273410 code [0x0000022a522735c0, 0x0000022a52273708]

GC Heap History (20 events):
Event: 217.760 GC heap after
{Heap after GC invocations=53 (full 0):
 garbage-first heap   total 438272K, used 166904K [0x0000000680000000, 0x0000000800000000)
  region size 4096K, 1 young (4096K), 1 survivors (4096K)
 Metaspace       used 90943K, committed 91776K, reserved 1179648K
  class space    used 12205K, committed 12608K, reserved 1048576K
}
Event: 225.521 GC heap before
{Heap before GC invocations=53 (full 0):
 garbage-first heap   total 438272K, used 236536K [0x0000000680000000, 0x0000000800000000)
  region size 4096K, 20 young (81920K), 1 survivors (4096K)
 Metaspace       used 95291K, committed 96192K, reserved 1179648K
  class space    used 12806K, committed 13184K, reserved 1048576K
}
Event: 225.526 GC heap after
{Heap after GC invocations=54 (full 0):
 garbage-first heap   total 438272K, used 170704K [0x0000000680000000, 0x0000000800000000)
  region size 4096K, 2 young (8192K), 2 survivors (8192K)
 Metaspace       used 95291K, committed 96192K, reserved 1179648K
  class space    used 12806K, committed 13184K, reserved 1048576K
}
Event: 225.805 GC heap before
{Heap before GC invocations=55 (full 0):
 garbage-first heap   total 438272K, used 355024K [0x0000000680000000, 0x0000000800000000)
  region size 4096K, 40 young (163840K), 2 survivors (8192K)
 Metaspace       used 95296K, committed 96192K, reserved 1179648K
  class space    used 12806K, committed 13184K, reserved 1048576K
}
Event: 225.839 GC heap after
{Heap after GC invocations=56 (full 0):
 garbage-first heap   total 454656K, used 267711K [0x0000000680000000, 0x0000000800000000)
  region size 4096K, 5 young (20480K), 5 survivors (20480K)
 Metaspace       used 95296K, committed 96192K, reserved 1179648K
  class space    used 12806K, committed 13184K, reserved 1048576K
}
Event: 225.866 GC heap before
{Heap before GC invocations=56 (full 0):
 garbage-first heap   total 454656K, used 271807K [0x0000000680000000, 0x0000000800000000)
  region size 4096K, 6 young (24576K), 5 survivors (20480K)
 Metaspace       used 95296K, committed 96192K, reserved 1179648K
  class space    used 12806K, committed 13184K, reserved 1048576K
}
Event: 225.882 GC heap after
{Heap after GC invocations=57 (full 0):
 garbage-first heap   total 454656K, used 269911K [0x0000000680000000, 0x0000000800000000)
  region size 4096K, 1 young (4096K), 1 survivors (4096K)
 Metaspace       used 95296K, committed 96192K, reserved 1179648K
  class space    used 12806K, committed 13184K, reserved 1048576K
}
Event: 226.318 GC heap before
{Heap before GC invocations=57 (full 0):
 garbage-first heap   total 454656K, used 331351K [0x0000000680000000, 0x0000000800000000)
  region size 4096K, 17 young (69632K), 1 survivors (4096K)
 Metaspace       used 95583K, committed 96512K, reserved 1179648K
  class space    used 12847K, committed 13248K, reserved 1048576K
}
Event: 226.337 GC heap after
{Heap after GC invocations=58 (full 0):
 garbage-first heap   total 1110016K, used 304078K [0x0000000680000000, 0x0000000800000000)
  region size 4096K, 3 young (12288K), 3 survivors (12288K)
 Metaspace       used 95583K, committed 96512K, reserved 1179648K
  class space    used 12847K, committed 13248K, reserved 1048576K
}
Event: 227.012 GC heap before
{Heap before GC invocations=59 (full 0):
 garbage-first heap   total 1064960K, used 631758K [0x0000000680000000, 0x0000000800000000)
  region size 4096K, 85 young (348160K), 3 survivors (12288K)
 Metaspace       used 95605K, committed 96512K, reserved 1179648K
  class space    used 12850K, committed 13248K, reserved 1048576K
}
Event: 227.071 GC heap after
{Heap after GC invocations=60 (full 0):
 garbage-first heap   total 1064960K, used 390947K [0x0000000680000000, 0x0000000800000000)
  region size 4096K, 11 young (45056K), 11 survivors (45056K)
 Metaspace       used 95605K, committed 96512K, reserved 1179648K
  class space    used 12850K, committed 13248K, reserved 1048576K
}
Event: 227.115 GC heap before
{Heap before GC invocations=60 (full 0):
 garbage-first heap   total 1064960K, used 399139K [0x0000000680000000, 0x0000000800000000)
  region size 4096K, 13 young (53248K), 11 survivors (45056K)
 Metaspace       used 95631K, committed 96512K, reserved 1179648K
  class space    used 12854K, committed 13248K, reserved 1048576K
}
Event: 227.136 GC heap after
{Heap after GC invocations=61 (full 0):
 garbage-first heap   total 1064960K, used 398286K [0x0000000680000000, 0x0000000800000000)
  region size 4096K, 2 young (8192K), 2 survivors (8192K)
 Metaspace       used 95631K, committed 96512K, reserved 1179648K
  class space    used 12854K, committed 13248K, reserved 1048576K
}
Event: 227.621 GC heap before
{Heap before GC invocations=61 (full 0):
 garbage-first heap   total 1064960K, used 672718K [0x0000000680000000, 0x0000000800000000)
  region size 4096K, 69 young (282624K), 2 survivors (8192K)
 Metaspace       used 95667K, committed 96576K, reserved 1179648K
  class space    used 12859K, committed 13248K, reserved 1048576K
}
Event: 227.650 GC heap after
{Heap after GC invocations=62 (full 0):
 garbage-first heap   total 1064960K, used 471022K [0x0000000680000000, 0x0000000800000000)
  region size 4096K, 9 young (36864K), 9 survivors (36864K)
 Metaspace       used 95667K, committed 96576K, reserved 1179648K
  class space    used 12859K, committed 13248K, reserved 1048576K
}
Event: 228.070 GC heap before
{Heap before GC invocations=63 (full 0):
 garbage-first heap   total 1064960K, used 716782K [0x0000000680000000, 0x0000000800000000)
  region size 4096K, 69 young (282624K), 9 survivors (36864K)
 Metaspace       used 95667K, committed 96576K, reserved 1179648K
  class space    used 12859K, committed 13248K, reserved 1048576K
}
Event: 228.112 GC heap after
{Heap after GC invocations=64 (full 0):
 garbage-first heap   total 1064960K, used 540333K [0x0000000680000000, 0x0000000800000000)
  region size 4096K, 9 young (36864K), 9 survivors (36864K)
 Metaspace       used 95667K, committed 96576K, reserved 1179648K
  class space    used 12859K, committed 13248K, reserved 1048576K
}
Event: 228.177 GC heap before
{Heap before GC invocations=64 (full 0):
 garbage-first heap   total 1064960K, used 556717K [0x0000000680000000, 0x0000000800000000)
  region size 4096K, 13 young (53248K), 9 survivors (36864K)
 Metaspace       used 95667K, committed 96576K, reserved 1179648K
  class space    used 12859K, committed 13248K, reserved 1048576K
}
Event: 228.204 GC heap after
{Heap after GC invocations=65 (full 0):
 garbage-first heap   total 1064960K, used 528322K [0x0000000680000000, 0x0000000800000000)
  region size 4096K, 2 young (8192K), 2 survivors (8192K)
 Metaspace       used 95667K, committed 96576K, reserved 1179648K
  class space    used 12859K, committed 13248K, reserved 1048576K
}
Event: 230.769 GC heap before
{Heap before GC invocations=65 (full 0):
 garbage-first heap   total 1064960K, used 663490K [0x0000000680000000, 0x0000000800000000)
  region size 4096K, 37 young (151552K), 2 survivors (8192K)
 Metaspace       used 95760K, committed 96640K, reserved 1179648K
  class space    used 12867K, committed 13248K, reserved 1048576K
}

Dll operation events (15 events):
Event: 0.005 Loaded shared library C:\Users\frank\.gradle\jdks\eclipse_adoptium-17-amd64-windows\jdk-17.0.16+8\bin\java.dll
Event: 0.019 Loaded shared library C:\Users\frank\.gradle\jdks\eclipse_adoptium-17-amd64-windows\jdk-17.0.16+8\bin\jsvml.dll
Event: 0.078 Loaded shared library C:\Users\frank\.gradle\jdks\eclipse_adoptium-17-amd64-windows\jdk-17.0.16+8\bin\zip.dll
Event: 0.080 Loaded shared library C:\Users\frank\.gradle\jdks\eclipse_adoptium-17-amd64-windows\jdk-17.0.16+8\bin\instrument.dll
Event: 0.083 Loaded shared library C:\Users\frank\.gradle\jdks\eclipse_adoptium-17-amd64-windows\jdk-17.0.16+8\bin\net.dll
Event: 0.085 Loaded shared library C:\Users\frank\.gradle\jdks\eclipse_adoptium-17-amd64-windows\jdk-17.0.16+8\bin\nio.dll
Event: 0.087 Loaded shared library C:\Users\frank\.gradle\jdks\eclipse_adoptium-17-amd64-windows\jdk-17.0.16+8\bin\zip.dll
Event: 0.238 Loaded shared library C:\Users\frank\.gradle\jdks\eclipse_adoptium-17-amd64-windows\jdk-17.0.16+8\bin\jimage.dll
Event: 0.278 Loaded shared library C:\Users\frank\.gradle\jdks\eclipse_adoptium-17-amd64-windows\jdk-17.0.16+8\bin\verify.dll
Event: 0.392 Loaded shared library C:\Users\frank\.gradle\native\68d5fa5c4cc2d200863cafc0d521ce42e7d3e7ee720ec0a83991735586a16f82\windows-amd64\native-platform.dll
Event: 0.396 Loaded shared library C:\Users\frank\.gradle\native\e376f236ea51e6404a007f0833ffe2c6e607c4080706a723a18a27aeea778392\windows-amd64\native-platform-file-events.dll
Event: 1.311 Loaded shared library C:\Users\frank\.gradle\jdks\eclipse_adoptium-17-amd64-windows\jdk-17.0.16+8\bin\management.dll
Event: 1.315 Loaded shared library C:\Users\frank\.gradle\jdks\eclipse_adoptium-17-amd64-windows\jdk-17.0.16+8\bin\management_ext.dll
Event: 1.511 Loaded shared library C:\Users\frank\.gradle\jdks\eclipse_adoptium-17-amd64-windows\jdk-17.0.16+8\bin\extnet.dll
Event: 1.689 Loaded shared library C:\Users\frank\.gradle\jdks\eclipse_adoptium-17-amd64-windows\jdk-17.0.16+8\bin\sunmscapi.dll

Deoptimization events (20 events):
Event: 229.253 Thread 0x0000022a76b20cd0 DEOPT PACKING pc=0x0000022a53016cf7 sp=0x0000007e21ff59b0
Event: 229.253 Thread 0x0000022a76b20cd0 DEOPT UNPACKING pc=0x0000022a58f07143 sp=0x0000007e21ff4e20 mode 0
Event: 229.253 Thread 0x0000022a76b20cd0 DEOPT PACKING pc=0x0000022a53016cf7 sp=0x0000007e21ff5a10
Event: 229.253 Thread 0x0000022a76b20cd0 DEOPT UNPACKING pc=0x0000022a58f07143 sp=0x0000007e21ff4e80 mode 0
Event: 229.254 Thread 0x0000022a76b20cd0 DEOPT PACKING pc=0x0000022a53016cf7 sp=0x0000007e21ff59b0
Event: 229.254 Thread 0x0000022a76b20cd0 DEOPT UNPACKING pc=0x0000022a58f07143 sp=0x0000007e21ff4e20 mode 0
Event: 229.254 Thread 0x0000022a76b20cd0 DEOPT PACKING pc=0x0000022a53016cf7 sp=0x0000007e21ff59b0
Event: 229.254 Thread 0x0000022a76b20cd0 DEOPT UNPACKING pc=0x0000022a58f07143 sp=0x0000007e21ff4e20 mode 0
Event: 229.345 Thread 0x0000022a76b20cd0 Uncommon trap: trap_request=0xffffff45 fr.pc=0x0000022a594d9c2c relative=0x0000000000000dcc
Event: 229.345 Thread 0x0000022a76b20cd0 Uncommon trap: reason=unstable_if action=reinterpret pc=0x0000022a594d9c2c method=sun.nio.fs.WindowsPathParser.normalize(Ljava/lang/StringBuilder;Ljava/lang/String;I)Ljava/lang/String; @ 100 c2
Event: 229.345 Thread 0x0000022a76b20cd0 DEOPT PACKING pc=0x0000022a594d9c2c sp=0x0000007e21ff4d30
Event: 229.345 Thread 0x0000022a76b20cd0 DEOPT UNPACKING pc=0x0000022a58f069a3 sp=0x0000007e21ff4d30 mode 2
Event: 229.345 Thread 0x0000022a76b20cd0 Uncommon trap: trap_request=0xffffff45 fr.pc=0x0000022a59a4adc0 relative=0x00000000000020c0
Event: 229.345 Thread 0x0000022a76b20cd0 Uncommon trap: reason=unstable_if action=reinterpret pc=0x0000022a59a4adc0 method=java.security.Provider$Service.newInstanceUtil(Ljava/lang/Class;Ljava/lang/Object;)Ljava/lang/Object; @ 1 c2
Event: 229.345 Thread 0x0000022a76b20cd0 DEOPT PACKING pc=0x0000022a59a4adc0 sp=0x0000007e21ff4ed0
Event: 229.345 Thread 0x0000022a76b20cd0 DEOPT UNPACKING pc=0x0000022a58f069a3 sp=0x0000007e21ff4f38 mode 2
Event: 230.446 Thread 0x0000022a76b20cd0 Uncommon trap: trap_request=0xffffff45 fr.pc=0x0000022a5998d6f4 relative=0x00000000000002d4
Event: 230.446 Thread 0x0000022a76b20cd0 Uncommon trap: reason=unstable_if action=reinterpret pc=0x0000022a5998d6f4 method=java.io.BufferedOutputStream.write([BII)V @ 6 c2
Event: 230.446 Thread 0x0000022a76b20cd0 DEOPT PACKING pc=0x0000022a5998d6f4 sp=0x0000007e21ff5bb0
Event: 230.446 Thread 0x0000022a76b20cd0 DEOPT UNPACKING pc=0x0000022a58f069a3 sp=0x0000007e21ff5b78 mode 2

Classes loaded (20 events):
Event: 216.608 Loading class java/util/TreeMap$KeySpliterator
Event: 216.609 Loading class java/util/TreeMap$TreeMapSpliterator
Event: 216.609 Loading class java/util/TreeMap$TreeMapSpliterator done
Event: 216.609 Loading class java/util/TreeMap$KeySpliterator done
Event: 217.929 Loading class java/net/InetAddress$CachedLocalHost
Event: 217.929 Loading class java/net/InetAddress$CachedLocalHost done
Event: 218.136 Loading class java/util/TreeMapBeanInfo
Event: 218.136 Loading class java/util/TreeMapBeanInfo done
Event: 218.136 Loading class java/util/TreeMapBeanInfo
Event: 218.136 Loading class java/util/TreeMapBeanInfo done
Event: 218.137 Loading class java/util/TreeMapCustomizer
Event: 218.137 Loading class java/util/TreeMapCustomizer done
Event: 218.137 Loading class java/util/TreeMapCustomizer
Event: 218.137 Loading class java/util/TreeMapCustomizer done
Event: 218.857 Loading class jdk/internal/reflect/UnsafeQualifiedBooleanFieldAccessorImpl
Event: 218.858 Loading class jdk/internal/reflect/UnsafeQualifiedBooleanFieldAccessorImpl done
Event: 229.334 Loading class java/nio/file/attribute/UserDefinedFileAttributeView
Event: 229.343 Loading class java/nio/file/attribute/UserDefinedFileAttributeView done
Event: 229.343 Loading class java/nio/file/TempFileHelper
Event: 229.345 Loading class java/nio/file/TempFileHelper done

Classes unloaded (20 events):
Event: 142.725 Thread 0x0000022a716d6f30 Unloading class 0x0000022a01aaba98 '_BuildScript_$_run_closure6'
Event: 142.725 Thread 0x0000022a716d6f30 Unloading class 0x0000022a01aab6b0 '_BuildScript_$_run_closure5'
Event: 142.725 Thread 0x0000022a716d6f30 Unloading class 0x0000022a01aab2c8 '_BuildScript_$_run_closure4$_closure19$_closure24'
Event: 142.725 Thread 0x0000022a716d6f30 Unloading class 0x0000022a01aaaee0 '_BuildScript_$_run_closure4$_closure19$_closure23'
Event: 142.725 Thread 0x0000022a716d6f30 Unloading class 0x0000022a01aaaaf8 '_BuildScript_$_run_closure4$_closure19$_closure22'
Event: 142.725 Thread 0x0000022a716d6f30 Unloading class 0x0000022a01aaa710 '_BuildScript_$_run_closure4$_closure19$_closure21'
Event: 142.725 Thread 0x0000022a716d6f30 Unloading class 0x0000022a01aaa328 '_BuildScript_$_run_closure4$_closure19$_closure20$_closure25$_closure26'
Event: 142.725 Thread 0x0000022a716d6f30 Unloading class 0x0000022a01aa9f40 '_BuildScript_$_run_closure4$_closure19$_closure20$_closure25'
Event: 142.725 Thread 0x0000022a716d6f30 Unloading class 0x0000022a01aa9b58 '_BuildScript_$_run_closure4$_closure19$_closure20'
Event: 142.725 Thread 0x0000022a716d6f30 Unloading class 0x0000022a01aa9770 '_BuildScript_$_run_closure4$_closure19'
Event: 142.726 Thread 0x0000022a716d6f30 Unloading class 0x0000022a01aa9388 '_BuildScript_$_run_closure4'
Event: 142.726 Thread 0x0000022a716d6f30 Unloading class 0x0000022a01aa8fa0 '_BuildScript_$_run_closure3'
Event: 142.726 Thread 0x0000022a716d6f30 Unloading class 0x0000022a01aa8bb8 '_BuildScript_$_run_closure2'
Event: 142.726 Thread 0x0000022a716d6f30 Unloading class 0x0000022a01aa87d0 '_BuildScript_$_run_closure1$_closure15$_closure17$_closure18'
Event: 142.726 Thread 0x0000022a716d6f30 Unloading class 0x0000022a01aa83e8 '_BuildScript_$_run_closure1$_closure15$_closure17'
Event: 142.726 Thread 0x0000022a716d6f30 Unloading class 0x0000022a01aa8000 '_BuildScript_$_run_closure1$_closure15'
Event: 142.726 Thread 0x0000022a716d6f30 Unloading class 0x0000022a01aa4c00 '_BuildScript_$_run_closure1$_closure14$_closure16'
Event: 142.726 Thread 0x0000022a716d6f30 Unloading class 0x0000022a01aa5920 '_BuildScript_$_run_closure1$_closure14'
Event: 142.726 Thread 0x0000022a716d6f30 Unloading class 0x0000022a01aa5538 '_BuildScript_$_run_closure1'
Event: 142.726 Thread 0x0000022a716d6f30 Unloading class 0x0000022a01aa5000 '_BuildScript_'

Classes redefined (0 events):
No events

Internal exceptions (20 events):
Event: 218.136 Thread 0x0000022a76b20cd0 Exception <a 'java/lang/ClassNotFoundException'{0x00000007fe4c5b20}: java/util/TreeMapBeanInfo> (0x00000007fe4c5b20) 
thrown [s\src\hotspot\share\classfile\systemDictionary.cpp, line 256]
Event: 218.137 Thread 0x0000022a76b20cd0 Exception <a 'java/lang/ClassNotFoundException'{0x00000007fe4cc498}: java/util/TreeMapCustomizer> (0x00000007fe4cc498) 
thrown [s\src\hotspot\share\classfile\systemDictionary.cpp, line 256]
Event: 218.143 Thread 0x0000022a76b20cd0 Exception <a 'java/lang/ClassNotFoundException'{0x00000007fe5d22e8}: org/spongepowered/asm/gradle/plugins/MixinEclipse$EclipseFactoryPath_DecoratedBeanInfo> (0x00000007fe5d22e8) 
thrown [s\src\hotspot\share\classfile\systemDictionary.cpp, line 256]
Event: 218.143 Thread 0x0000022a76b20cd0 Exception <a 'java/lang/ClassNotFoundException'{0x00000007fe5e0a78}: org/spongepowered/asm/gradle/plugins/MixinEclipse$EclipseFactoryPathBeanInfo> (0x00000007fe5e0a78) 
thrown [s\src\hotspot\share\classfile\systemDictionary.cpp, line 256]
Event: 218.144 Thread 0x0000022a76b20cd0 Exception <a 'java/lang/ClassNotFoundException'{0x00000007fe5eefa8}: org/spongepowered/asm/gradle/plugins/MixinEclipse$EclipseFactoryPathCustomizer> (0x00000007fe5eefa8) 
thrown [s\src\hotspot\share\classfile\systemDictionary.cpp, line 256]
Event: 218.145 Thread 0x0000022a76b20cd0 Exception <a 'java/lang/ClassNotFoundException'{0x00000007fe614748}: org/spongepowered/asm/gradle/plugins/MixinEclipse$EclipseFactoryPath_DecoratedCustomizer> (0x00000007fe614748) 
thrown [s\src\hotspot\share\classfile\systemDictionary.cpp, line 256]
Event: 218.698 Thread 0x0000022a76b20cd0 Exception <a 'java/lang/ClassNotFoundException'{0x00000007fdfc5ef8}: org/gradle/api/internal/file/copy/SingleParentCopySpecBeanInfo> (0x00000007fdfc5ef8) 
thrown [s\src\hotspot\share\classfile\systemDictionary.cpp, line 256]
Event: 218.699 Thread 0x0000022a76b20cd0 Exception <a 'java/lang/ClassNotFoundException'{0x00000007fdfcfdf8}: org/gradle/api/internal/file/copy/DefaultCopySpecBeanInfo> (0x00000007fdfcfdf8) 
thrown [s\src\hotspot\share\classfile\systemDictionary.cpp, line 256]
Event: 218.699 Thread 0x0000022a76b20cd0 Exception <a 'java/lang/ClassNotFoundException'{0x00000007fdfd9ce0}: org/gradle/api/internal/file/copy/DefaultCopySpecCustomizer> (0x00000007fdfd9ce0) 
thrown [s\src\hotspot\share\classfile\systemDictionary.cpp, line 256]
Event: 218.700 Thread 0x0000022a76b20cd0 Exception <a 'java/lang/ClassNotFoundException'{0x00000007fd8d7308}: org/gradle/api/internal/file/copy/SingleParentCopySpecCustomizer> (0x00000007fd8d7308) 
thrown [s\src\hotspot\share\classfile\systemDictionary.cpp, line 256]
Event: 218.701 Thread 0x0000022a76b20cd0 Exception <a 'java/lang/ClassNotFoundException'{0x00000007fd90ff10}: org/gradle/api/internal/file/copy/CopySpecInternalBeanInfo> (0x00000007fd90ff10) 
thrown [s\src\hotspot\share\classfile\systemDictionary.cpp, line 256]
Event: 218.701 Thread 0x0000022a76b20cd0 Exception <a 'java/lang/ClassNotFoundException'{0x00000007fd919df8}: org/gradle/api/internal/file/copy/CopySpecInternalCustomizer> (0x00000007fd919df8) 
thrown [s\src\hotspot\share\classfile\systemDictionary.cpp, line 256]
Event: 218.705 Thread 0x0000022a76b20cd0 Exception <a 'java/lang/ClassNotFoundException'{0x00000007fd943358}: org/gradle/api/file/SyncSpecBeanInfo> (0x00000007fd943358) 
thrown [s\src\hotspot\share\classfile\systemDictionary.cpp, line 256]
Event: 218.705 Thread 0x0000022a76b20cd0 Exception <a 'java/lang/ClassNotFoundException'{0x00000007fd94cc78}: org/gradle/api/file/SyncSpecCustomizer> (0x00000007fd94cc78) 
thrown [s\src\hotspot\share\classfile\systemDictionary.cpp, line 256]
Event: 218.865 Thread 0x0000022a78df5700 Exception <a 'java/lang/NoSuchMethodError'{0x000000069a2c3b08}: 'void java.lang.invoke.DirectMethodHandle$Holder.invokeStatic(java.lang.Object, int)'> (0x000000069a2c3b08) 
thrown [s\src\hotspot\share\interpreter\linkResolver.cpp, line 759]
Event: 218.865 Thread 0x0000022a78df5700 Exception <a 'java/lang/NoSuchMethodError'{0x000000069a2c71c8}: 'void java.lang.invoke.DirectMethodHandle$Holder.invokeStaticInit(java.lang.Object, int)'> (0x000000069a2c71c8) 
thrown [s\src\hotspot\share\interpreter\linkResolver.cpp, line 759]
Event: 228.714 Thread 0x0000022a76b20cd0 Exception <a 'sun/nio/fs/WindowsException'{0x00000006b7bab458}> (0x00000006b7bab458) 
thrown [s\src\hotspot\share\prims\jni.cpp, line 516]
Event: 228.714 Thread 0x0000022a76b20cd0 Exception <a 'sun/nio/fs/WindowsException'{0x00000006b7bad010}> (0x00000006b7bad010) 
thrown [s\src\hotspot\share\prims\jni.cpp, line 516]
Event: 230.537 Thread 0x0000022a76b20cd0 Exception <a 'sun/nio/fs/WindowsException'{0x00000006b77f7638}> (0x00000006b77f7638) 
thrown [s\src\hotspot\share\prims\jni.cpp, line 516]
Event: 230.539 Thread 0x0000022a76b20cd0 Exception <a 'sun/nio/fs/WindowsException'{0x00000006b77f9e48}> (0x00000006b77f9e48) 
thrown [s\src\hotspot\share\prims\jni.cpp, line 516]

VM Operations (20 events):
Event: 227.071 Executing VM operation: G1CollectForAllocation done
Event: 227.115 Executing VM operation: G1CollectForAllocation
Event: 227.136 Executing VM operation: G1CollectForAllocation done
Event: 227.621 Executing VM operation: G1CollectForAllocation
Event: 227.650 Executing VM operation: G1CollectForAllocation done
Event: 227.883 Executing VM operation: G1PauseRemark
Event: 227.886 Executing VM operation: G1PauseRemark done
Event: 227.980 Executing VM operation: G1PauseCleanup
Event: 227.980 Executing VM operation: G1PauseCleanup done
Event: 228.070 Executing VM operation: G1CollectForAllocation
Event: 228.112 Executing VM operation: G1CollectForAllocation done
Event: 228.177 Executing VM operation: G1CollectForAllocation
Event: 228.204 Executing VM operation: G1CollectForAllocation done
Event: 228.273 Executing VM operation: HandshakeAllThreads
Event: 228.274 Executing VM operation: HandshakeAllThreads done
Event: 229.281 Executing VM operation: Cleanup
Event: 229.281 Executing VM operation: Cleanup done
Event: 230.281 Executing VM operation: Cleanup
Event: 230.281 Executing VM operation: Cleanup done
Event: 230.768 Executing VM operation: G1TryInitiateConcMark

Memory protections (0 events):
No events

Nmethod flushes (20 events):
Event: 228.279 Thread 0x0000022a71809a50 flushing  nmethod 0x0000022a51d31990
Event: 228.279 Thread 0x0000022a71809a50 flushing  nmethod 0x0000022a51e4df10
Event: 228.280 Thread 0x0000022a71809a50 flushing  nmethod 0x0000022a51e54490
Event: 228.280 Thread 0x0000022a71809a50 flushing  nmethod 0x0000022a51fb3410
Event: 228.280 Thread 0x0000022a71809a50 flushing  nmethod 0x0000022a51fb9310
Event: 228.281 Thread 0x0000022a71809a50 flushing  nmethod 0x0000022a52178b10
Event: 228.282 Thread 0x0000022a71809a50 flushing  nmethod 0x0000022a524b0710
Event: 228.283 Thread 0x0000022a71809a50 flushing  nmethod 0x0000022a52655d10
Event: 228.284 Thread 0x0000022a71809a50 flushing  nmethod 0x0000022a527e0490
Event: 228.286 Thread 0x0000022a71809a50 flushing  nmethod 0x0000022a52b9df10
Event: 228.286 Thread 0x0000022a71809a50 flushing  nmethod 0x0000022a52c7d610
Event: 228.287 Thread 0x0000022a71809a50 flushing  nmethod 0x0000022a52d4b910
Event: 228.287 Thread 0x0000022a71809a50 flushing  nmethod 0x0000022a52dad710
Event: 228.288 Thread 0x0000022a71809a50 flushing  nmethod 0x0000022a53089390
Event: 228.288 Thread 0x0000022a71809a50 flushing  nmethod 0x0000022a5308df90
Event: 228.289 Thread 0x0000022a71809a50 flushing  nmethod 0x0000022a532ac690
Event: 228.289 Thread 0x0000022a71809a50 flushing  nmethod 0x0000022a53329190
Event: 228.289 Thread 0x0000022a71809a50 flushing  nmethod 0x0000022a5332af90
Event: 228.289 Thread 0x0000022a71809a50 flushing  nmethod 0x0000022a53331c10
Event: 228.289 Thread 0x0000022a71809a50 flushing  nmethod 0x0000022a53333990

Events (20 events):
Event: 216.495 Thread 0x0000022a76b20cd0 Thread added: 0x0000022a7a2e1330
Event: 216.504 Thread 0x0000022a7a2e1330 Thread added: 0x0000022a7a2e7360
Event: 216.504 Thread 0x0000022a7a2e1330 Thread added: 0x0000022a7a2dfef0
Event: 216.504 Thread 0x0000022a7a2e1330 Thread added: 0x0000022a7a2e7870
Event: 216.504 Thread 0x0000022a7a2e1330 Thread added: 0x0000022a7a2e0400
Event: 216.504 Thread 0x0000022a7a2e1330 Thread added: 0x0000022a7a2e2770
Event: 216.527 Thread 0x0000022a7a2e7360 Thread added: 0x0000022a78df7a70
Event: 216.980 Thread 0x0000022a795ee530 Thread exited: 0x0000022a795ee530
Event: 217.450 Thread 0x0000022a71802890 Thread added: 0x0000022a795ecaa0
Event: 217.688 Thread 0x0000022a795ecaa0 Thread exited: 0x0000022a795ecaa0
Event: 218.078 Thread 0x0000022a71802890 Thread added: 0x0000022a795ea020
Event: 218.302 Thread 0x0000022a76b20cd0 Thread added: 0x0000022a78df5700
Event: 218.839 Thread 0x0000022a795ea020 Thread exited: 0x0000022a795ea020
Event: 220.560 Thread 0x0000022a7a2e0e20 Thread exited: 0x0000022a7a2e0e20
Event: 225.947 Thread 0x0000022a71802890 Thread added: 0x0000022a795ecaa0
Event: 226.951 Thread 0x0000022a795ecaa0 Thread exited: 0x0000022a795ecaa0
Event: 227.099 Thread 0x0000022a71802890 Thread added: 0x0000022a7a5f4b00
Event: 228.274 Thread 0x0000022a7a5f4b00 Thread exited: 0x0000022a7a5f4b00
Event: 228.297 Thread 0x0000022a71802890 Thread added: 0x0000022a795eefd0
Event: 228.726 Thread 0x0000022a795eefd0 Thread exited: 0x0000022a795eefd0


Dynamic libraries:
0x00007ff7e9950000 - 0x00007ff7e995e000 	C:\Users\frank\.gradle\jdks\eclipse_adoptium-17-amd64-windows\jdk-17.0.16+8\bin\java.exe
0x00007ff9f6050000 - 0x00007ff9f6248000 	C:\WINDOWS\SYSTEM32\ntdll.dll
0x00007ff9f40d0000 - 0x00007ff9f4192000 	C:\WINDOWS\System32\KERNEL32.DLL
0x00007ff9f3ce0000 - 0x00007ff9f3fd7000 	C:\WINDOWS\System32\KERNELBASE.dll
0x00007ff9f3930000 - 0x00007ff9f3a30000 	C:\WINDOWS\System32\ucrtbase.dll
0x00007ff9d14a0000 - 0x00007ff9d14b7000 	C:\Users\frank\.gradle\jdks\eclipse_adoptium-17-amd64-windows\jdk-17.0.16+8\bin\jli.dll
0x00007ff9ceea0000 - 0x00007ff9ceebe000 	C:\Users\frank\.gradle\jdks\eclipse_adoptium-17-amd64-windows\jdk-17.0.16+8\bin\VCRUNTIME140.dll
0x00007ff9f4a00000 - 0x00007ff9f4b9d000 	C:\WINDOWS\System32\USER32.dll
0x00007ff9f3cb0000 - 0x00007ff9f3cd2000 	C:\WINDOWS\System32\win32u.dll
0x00007ff9e20c0000 - 0x00007ff9e235a000 	C:\WINDOWS\WinSxS\amd64_microsoft.windows.common-controls_6595b64144ccf1df_6.0.19041.5915_none_60b4b9d171f9c7c7\COMCTL32.dll
0x00007ff9f4930000 - 0x00007ff9f495b000 	C:\WINDOWS\System32\GDI32.dll
0x00007ff9f5340000 - 0x00007ff9f53de000 	C:\WINDOWS\System32\msvcrt.dll
0x00007ff9f3a30000 - 0x00007ff9f3b49000 	C:\WINDOWS\System32\gdi32full.dll
0x00007ff9f36e0000 - 0x00007ff9f377d000 	C:\WINDOWS\System32\msvcp_win.dll
0x00007ff9f54a0000 - 0x00007ff9f54cf000 	C:\WINDOWS\System32\IMM32.DLL
0x00007ff9d1be0000 - 0x00007ff9d1bec000 	C:\Users\frank\.gradle\jdks\eclipse_adoptium-17-amd64-windows\jdk-17.0.16+8\bin\vcruntime140_1.dll
0x00007ff9bc8e0000 - 0x00007ff9bc96d000 	C:\Users\frank\.gradle\jdks\eclipse_adoptium-17-amd64-windows\jdk-17.0.16+8\bin\msvcp140.dll
0x00007ff957b50000 - 0x00007ff9587bb000 	C:\Users\frank\.gradle\jdks\eclipse_adoptium-17-amd64-windows\jdk-17.0.16+8\bin\server\jvm.dll
0x00007ff9f53e0000 - 0x00007ff9f5491000 	C:\WINDOWS\System32\ADVAPI32.dll
0x00007ff9f4960000 - 0x00007ff9f49ff000 	C:\WINDOWS\System32\sechost.dll
0x00007ff9f44a0000 - 0x00007ff9f45c6000 	C:\WINDOWS\System32\RPCRT4.dll
0x00007ff9f3c80000 - 0x00007ff9f3ca7000 	C:\WINDOWS\System32\bcrypt.dll
0x00007ff9f5680000 - 0x00007ff9f56eb000 	C:\WINDOWS\System32\WS2_32.dll
0x00007ff9f30c0000 - 0x00007ff9f310b000 	C:\WINDOWS\SYSTEM32\POWRPROF.dll
0x00007ff9e9da0000 - 0x00007ff9e9dc7000 	C:\WINDOWS\SYSTEM32\WINMM.dll
0x00007ff9ed170000 - 0x00007ff9ed17a000 	C:\WINDOWS\SYSTEM32\VERSION.dll
0x00007ff9f3080000 - 0x00007ff9f3092000 	C:\WINDOWS\SYSTEM32\UMPDC.dll
0x00007ff9f1480000 - 0x00007ff9f1492000 	C:\WINDOWS\SYSTEM32\kernel.appcore.dll
0x00007ff9d1bb0000 - 0x00007ff9d1bba000 	C:\Users\frank\.gradle\jdks\eclipse_adoptium-17-amd64-windows\jdk-17.0.16+8\bin\jimage.dll
0x00007ff9e9440000 - 0x00007ff9e9641000 	C:\WINDOWS\SYSTEM32\DBGHELP.DLL
0x00007ff9d8d60000 - 0x00007ff9d8d94000 	C:\WINDOWS\SYSTEM32\dbgcore.DLL
0x00007ff9f3fe0000 - 0x00007ff9f4062000 	C:\WINDOWS\System32\bcryptPrimitives.dll
0x00007ff9d1a90000 - 0x00007ff9d1a9e000 	C:\Users\frank\.gradle\jdks\eclipse_adoptium-17-amd64-windows\jdk-17.0.16+8\bin\instrument.dll
0x00007ff9c9be0000 - 0x00007ff9c9c05000 	C:\Users\frank\.gradle\jdks\eclipse_adoptium-17-amd64-windows\jdk-17.0.16+8\bin\java.dll
0x00007ff9b9070000 - 0x00007ff9b9147000 	C:\Users\frank\.gradle\jdks\eclipse_adoptium-17-amd64-windows\jdk-17.0.16+8\bin\jsvml.dll
0x00007ff9f56f0000 - 0x00007ff9f5e5e000 	C:\WINDOWS\System32\SHELL32.dll
0x00007ff9f1760000 - 0x00007ff9f1f04000 	C:\WINDOWS\SYSTEM32\windows.storage.dll
0x00007ff9f45d0000 - 0x00007ff9f4923000 	C:\WINDOWS\System32\combase.dll
0x00007ff9f3110000 - 0x00007ff9f313b000 	C:\WINDOWS\SYSTEM32\Wldp.dll
0x00007ff9f50f0000 - 0x00007ff9f51bd000 	C:\WINDOWS\System32\OLEAUT32.dll
0x00007ff9f43f0000 - 0x00007ff9f449d000 	C:\WINDOWS\System32\SHCORE.dll
0x00007ff9f5620000 - 0x00007ff9f567b000 	C:\WINDOWS\System32\shlwapi.dll
0x00007ff9f3610000 - 0x00007ff9f3634000 	C:\WINDOWS\SYSTEM32\profapi.dll
0x00007ff9cd700000 - 0x00007ff9cd718000 	C:\Users\frank\.gradle\jdks\eclipse_adoptium-17-amd64-windows\jdk-17.0.16+8\bin\zip.dll
0x00007ff9caa90000 - 0x00007ff9caaa9000 	C:\Users\frank\.gradle\jdks\eclipse_adoptium-17-amd64-windows\jdk-17.0.16+8\bin\net.dll
0x00007ff9efa20000 - 0x00007ff9efb2a000 	C:\WINDOWS\SYSTEM32\WINHTTP.dll
0x00007ff9f2da0000 - 0x00007ff9f2e0a000 	C:\WINDOWS\system32\mswsock.dll
0x00007ff9c9c40000 - 0x00007ff9c9c56000 	C:\Users\frank\.gradle\jdks\eclipse_adoptium-17-amd64-windows\jdk-17.0.16+8\bin\nio.dll
0x00007ff9d1a30000 - 0x00007ff9d1a40000 	C:\Users\frank\.gradle\jdks\eclipse_adoptium-17-amd64-windows\jdk-17.0.16+8\bin\verify.dll
0x00007ff9caab0000 - 0x00007ff9caad7000 	C:\Users\frank\.gradle\native\68d5fa5c4cc2d200863cafc0d521ce42e7d3e7ee720ec0a83991735586a16f82\windows-amd64\native-platform.dll
0x00007ff9b7940000 - 0x00007ff9b7a84000 	C:\Users\frank\.gradle\native\e376f236ea51e6404a007f0833ffe2c6e607c4080706a723a18a27aeea778392\windows-amd64\native-platform-file-events.dll
0x00007ff9d1940000 - 0x00007ff9d194a000 	C:\Users\frank\.gradle\jdks\eclipse_adoptium-17-amd64-windows\jdk-17.0.16+8\bin\management.dll
0x00007ff9d17c0000 - 0x00007ff9d17cb000 	C:\Users\frank\.gradle\jdks\eclipse_adoptium-17-amd64-windows\jdk-17.0.16+8\bin\management_ext.dll
0x00007ff9f54d0000 - 0x00007ff9f54d8000 	C:\WINDOWS\System32\PSAPI.DLL
0x00007ff9f3000000 - 0x00007ff9f3018000 	C:\WINDOWS\SYSTEM32\CRYPTSP.dll
0x00007ff9f26c0000 - 0x00007ff9f26f8000 	C:\WINDOWS\system32\rsaenh.dll
0x00007ff9f3590000 - 0x00007ff9f35be000 	C:\WINDOWS\SYSTEM32\USERENV.dll
0x00007ff9f2ff0000 - 0x00007ff9f2ffc000 	C:\WINDOWS\SYSTEM32\CRYPTBASE.dll
0x00007ff9f2a80000 - 0x00007ff9f2abb000 	C:\WINDOWS\SYSTEM32\IPHLPAPI.DLL
0x00007ff9f51c0000 - 0x00007ff9f51c8000 	C:\WINDOWS\System32\NSI.dll
0x00007ff9ec6a0000 - 0x00007ff9ec6b7000 	C:\WINDOWS\SYSTEM32\dhcpcsvc6.DLL
0x00007ff9ecd30000 - 0x00007ff9ecd4d000 	C:\WINDOWS\SYSTEM32\dhcpcsvc.DLL
0x00007ff9f2ac0000 - 0x00007ff9f2b8a000 	C:\WINDOWS\SYSTEM32\DNSAPI.dll
0x00007ff9d15f0000 - 0x00007ff9d15f9000 	C:\Users\frank\.gradle\jdks\eclipse_adoptium-17-amd64-windows\jdk-17.0.16+8\bin\extnet.dll
0x00007ff9d1540000 - 0x00007ff9d154e000 	C:\Users\frank\.gradle\jdks\eclipse_adoptium-17-amd64-windows\jdk-17.0.16+8\bin\sunmscapi.dll
0x00007ff9f37d0000 - 0x00007ff9f392d000 	C:\WINDOWS\System32\CRYPT32.dll
0x00007ff9f3180000 - 0x00007ff9f31a7000 	C:\WINDOWS\SYSTEM32\ncrypt.dll
0x00007ff9f3140000 - 0x00007ff9f317b000 	C:\WINDOWS\SYSTEM32\NTASN1.dll
0x00007ff9eab50000 - 0x00007ff9eab57000 	C:\WINDOWS\system32\wshunix.dll
0x00007ff9dba60000 - 0x00007ff9dba6a000 	C:\Windows\System32\rasadhlp.dll
0x00007ff9db6b0000 - 0x00007ff9db730000 	C:\WINDOWS\System32\fwpuclnt.dll
0x00007ff9f0c50000 - 0x00007ff9f0ce4000 	C:\WINDOWS\system32\apphelp.dll
0x00007ff9f2910000 - 0x00007ff9f2943000 	C:\WINDOWS\SYSTEM32\ntmarta.dll
0x00007ff9ba540000 - 0x00007ff9ba557000 	C:\WINDOWS\system32\napinsp.dll
0x00007ff9be820000 - 0x00007ff9be83b000 	C:\WINDOWS\system32\pnrpnsp.dll
0x00007ff9ed790000 - 0x00007ff9ed7ad000 	C:\WINDOWS\system32\wshbth.dll
0x00007ff9f09e0000 - 0x00007ff9f09fd000 	C:\WINDOWS\system32\NLAapi.dll
0x00007ff9be730000 - 0x00007ff9be742000 	C:\WINDOWS\System32\winrnr.dll

dbghelp: loaded successfully - version: 4.0.5 - missing functions: none
symbol engine: initialized successfully - sym options: 0x614 - pdb path: .;C:\Users\frank\.gradle\jdks\eclipse_adoptium-17-amd64-windows\jdk-17.0.16+8\bin;C:\WINDOWS\SYSTEM32;C:\WINDOWS\WinSxS\amd64_microsoft.windows.common-controls_6595b64144ccf1df_6.0.19041.5915_none_60b4b9d171f9c7c7;C:\Users\frank\.gradle\jdks\eclipse_adoptium-17-amd64-windows\jdk-17.0.16+8\bin\server;C:\Users\frank\.gradle\native\68d5fa5c4cc2d200863cafc0d521ce42e7d3e7ee720ec0a83991735586a16f82\windows-amd64;C:\Users\frank\.gradle\native\e376f236ea51e6404a007f0833ffe2c6e607c4080706a723a18a27aeea778392\windows-amd64

VM Arguments:
jvm_args: --add-opens=java.base/java.util=ALL-UNNAMED --add-opens=java.base/java.lang=ALL-UNNAMED --add-opens=java.base/java.lang.invoke=ALL-UNNAMED --add-opens=java.prefs/java.util.prefs=ALL-UNNAMED --add-opens=java.base/java.nio.charset=ALL-UNNAMED --add-opens=java.base/java.net=ALL-UNNAMED --add-opens=java.base/java.util.concurrent.atomic=ALL-UNNAMED -Xmx6G -Dfile.encoding=UTF-8 -Duser.country=US -Duser.language=en -Duser.variant -javaagent:C:\Users\frank\.gradle\wrapper\dists\gradle-8.1.1-bin\9wiye5v2saajue4irfo8ybqfp\gradle-8.1.1\lib\agents\gradle-instrumentation-agent-8.1.1.jar 
java_command: org.gradle.launcher.daemon.bootstrap.GradleDaemon 8.1.1
java_class_path (initial): C:\Users\frank\.gradle\wrapper\dists\gradle-8.1.1-bin\9wiye5v2saajue4irfo8ybqfp\gradle-8.1.1\lib\gradle-launcher-8.1.1.jar
Launcher Type: SUN_STANDARD

[Global flags]
     intx CICompilerCount                          = 3                                         {product} {ergonomic}
     uint ConcGCThreads                            = 2                                         {product} {ergonomic}
     uint G1ConcRefinementThreads                  = 6                                         {product} {ergonomic}
   size_t G1HeapRegionSize                         = 4194304                                   {product} {ergonomic}
    uintx GCDrainStackTargetSize                   = 64                                        {product} {ergonomic}
   size_t InitialHeapSize                          = 536870912                                 {product} {ergonomic}
   size_t MarkStackSize                            = 4194304                                   {product} {ergonomic}
   size_t MaxHeapSize                              = 6442450944                                {product} {command line}
   size_t MaxNewSize                               = 3862953984                                {product} {ergonomic}
   size_t MinHeapDeltaBytes                        = 4194304                                   {product} {ergonomic}
   size_t MinHeapSize                              = 8388608                                   {product} {ergonomic}
    uintx NonNMethodCodeHeapSize                   = 5832780                                {pd product} {ergonomic}
    uintx NonProfiledCodeHeapSize                  = 122912730                              {pd product} {ergonomic}
    uintx ProfiledCodeHeapSize                     = 122912730                              {pd product} {ergonomic}
    uintx ReservedCodeCacheSize                    = 251658240                              {pd product} {ergonomic}
     bool SegmentedCodeCache                       = true                                      {product} {ergonomic}
   size_t SoftMaxHeapSize                          = 6442450944                             {manageable} {ergonomic}
     bool UseCompressedClassPointers               = true                           {product lp64_product} {ergonomic}
     bool UseCompressedOops                        = true                           {product lp64_product} {ergonomic}
     bool UseG1GC                                  = true                                      {product} {ergonomic}
     bool UseLargePagesIndividualAllocation        = false                                  {pd product} {ergonomic}

Logging:
Log output configuration:
 #0: stdout all=warning uptime,level,tags
 #1: stderr all=off uptime,level,tags

Environment Variables:
PATH=C:\Program Files\Common Files\Oracle\Java\javapath;C:\Program Files (x86)\Common Files\Oracle\Java\java8path;C:\Program Files (x86)\Common Files\Oracle\Java\javapath;C:\Program Files\Oculus\Support\oculus-runtime;C:\WINDOWS\system32;C:\WINDOWS;C:\WINDOWS\System32\Wbem;C:\WINDOWS\System32\WindowsPowerShell\v1.0\;C:\WINDOWS\System32\OpenSSH\;C:\Program Files\Microsoft SQL Server\150\Tools\Binn\;C:\Program Files\Microsoft SQL Server\Client SDK\ODBC\170\Tools\Binn\;C:\Program Files\dotnet\;C:\Program Files (x86)\Windows Kits\10\Windows Performance Toolkit\;C:\Program Files (x86)\Microsoft SQL Server\160\DTS\Binn\;C:\Program Files (x86)\Microsoft SQL Server\160\Tools\Binn\;C:\Program Files\Microsoft SQL Server\160\Tools\Binn\;C:\Program Files\Microsoft SQL Server\160\DTS\Binn\;C:\Program Files\Git\cmd;D:\Xampp\php;C:\ProgramData\ComposerSetup\bin;C:\Program Files\NVIDIA Corporation\NVIDIA App\NvDLISR;C:\Program Files (x86)\NVIDIA Corporation\PhysX\Common;C:\Users\frank\AppData\Local\Programs\Python\Python313\Scripts\;C:\Users\frank\AppData\Local\Programs\Python\Python313\;C:\Users\frank\AppData\Local\Programs\Python\Launcher\;C:\Users\frank\AppData\Local\Microsoft\WindowsApps;C:\Users\frank\AppData\Local\Programs\Microsoft VS Code\bin;C:\Users\frank\.dotnet\tools;C:\Users\frank\AppData\Roaming\Composer\vendor\bin
USERNAME=frank
OS=Windows_NT
PROCESSOR_IDENTIFIER=Intel64 Family 6 Model 158 Stepping 12, GenuineIntel
TMP=C:\Users\frank\AppData\Local\Temp
TEMP=C:\Users\frank\AppData\Local\Temp



Periodic native trim disabled


---------------  S Y S T E M  ---------------

OS:
 Windows 10 , 64 bit Build 19041 (10.0.19041.5915)
OS uptime: 9 days 11:38 hours

CPU: total 6 (initial active 6) (6 cores per cpu, 1 threads per core) family 6 model 158 stepping 12 microcode 0xae, cx8, cmov, fxsr, mmx, 3dnowpref, sse, sse2, sse3, ssse3, sse4.1, sse4.2, popcnt, lzcnt, tsc, tscinvbit, avx, avx2, aes, erms, clmul, bmi1, bmi2, rtm, adx, fma, vzeroupper, clflush, clflushopt
Processor Information for all 6 processors :
  Max Mhz: 3696, Current Mhz: 3696, Mhz Limit: 3696

Memory: 4k page, system-wide physical 32688M (2626M free)
TotalPageFile size 61133M (AvailPageFile size 1753M)
current process WorkingSet (physical memory assigned to process): 1243M, peak: 1244M
current process commit charge ("private bytes"): 1428M, peak: 3264M

vm_info: OpenJDK 64-Bit Server VM (17.0.16+8) for windows-amd64 JRE (17.0.16+8), built on Jul 16 2025 10:37:56 by "admin" with MS VC++ 17.7 (VS2022)

END.
